        -:    0:Source:D:/BSUIR/course2/PPOIS/lab3/salary_lib/Address.cpp
        -:    0:Graph:D:\BSUIR\course2\PPOIS\lab3\cmake-build-debug-coverage\salary_lib\CMakeFiles\salary_lib.dir\Address.cpp.gcno
        -:    0:Data:D:\BSUIR\course2\PPOIS\lab3\cmake-build-debug-coverage\salary_lib\CMakeFiles\salary_lib.dir\Address.cpp.gcda
        -:    0:Runs:1
        -:    1:#include "Address.h"
        -:    2:
       34:    3:Address::Address(const std::string& city, const std::string& street, int houseNumber)
       34:    4:    : city(city), street(street), houseNumber(houseNumber) {}
        -:    5:
        1:    6:void Address::updateAddress(const std::string& city, const std::string& street, int houseNumber) {
        1:    7:    this->city = city;
        1:    8:    this->street = street;
        1:    9:    this->houseNumber = houseNumber;
        1:   10:}
        -:   11:
        5:   12:std::string Address::getCity() const { return city; }
        5:   13:std::string Address::getStreet() const { return street; }
        5:   14:int Address::getHouseNumber() const { return houseNumber; }
