        -:    0:Source:D:/BSUIR/course2/PPOIS/lab3/Google_tests/Address_TEST.cpp
        -:    0:Graph:D:\BSUIR\course2\PPOIS\lab3\cmake-build-debug-coverage\Google_tests\CMakeFiles\Google_Tests_run.dir\Address_TEST.cpp.gcno
        -:    0:Data:D:\BSUIR\course2\PPOIS\lab3\cmake-build-debug-coverage\Google_tests\CMakeFiles\Google_Tests_run.dir\Address_TEST.cpp.gcda
        -:    0:Runs:1
        -:    1:#include <gtest/gtest.h>
        -:    2:#include "../../lab3/salary_lib/Address.h"
        -:    3:
        4:    4:TEST(AddressTest, ConstructorTest) {
        3:    5:    Address address("Minsk", "Lenina", 10);
        -:    6:
       1*:    7:    EXPECT_EQ(address.getCity(), "Minsk");
       1*:    8:    EXPECT_EQ(address.getStreet(), "Lenina");
       1*:    9:    EXPECT_EQ(address.getHouseNumber(), 10);
        1:   10:}
------------------
_ZN32AddressTest_ConstructorTest_TestC1Ev:
        1:    4:TEST(AddressTest, ConstructorTest) {
------------------
_ZN32AddressTest_ConstructorTest_TestD0Ev:
        1:    4:TEST(AddressTest, ConstructorTest) {
------------------
_ZN32AddressTest_ConstructorTest_TestD1Ev:
        1:    4:TEST(AddressTest, ConstructorTest) {
------------------
_ZN32AddressTest_ConstructorTest_Test8TestBodyEv:
        1:    4:TEST(AddressTest, ConstructorTest) {
        3:    5:    Address address("Minsk", "Lenina", 10);
        -:    6:
       1*:    7:    EXPECT_EQ(address.getCity(), "Minsk");
       1*:    8:    EXPECT_EQ(address.getStreet(), "Lenina");
       1*:    9:    EXPECT_EQ(address.getHouseNumber(), 10);
        1:   10:}
------------------
        -:   11:
        4:   12:TEST(AddressTest, UpdateAddressTest) {
        4:   13:    Address address("Minsk", "Lenina", 10);
        3:   14:    address.updateAddress("Minsk", "Pushkina", 15);
        -:   15:
       1*:   16:    EXPECT_EQ(address.getCity(), "Minsk");
       1*:   17:    EXPECT_EQ(address.getStreet(), "Pushkina");
       1*:   18:    EXPECT_EQ(address.getHouseNumber(), 15);
        1:   19:}
------------------
_ZN34AddressTest_UpdateAddressTest_TestC1Ev:
        1:   12:TEST(AddressTest, UpdateAddressTest) {
------------------
_ZN34AddressTest_UpdateAddressTest_TestD0Ev:
        1:   12:TEST(AddressTest, UpdateAddressTest) {
------------------
_ZN34AddressTest_UpdateAddressTest_TestD1Ev:
        1:   12:TEST(AddressTest, UpdateAddressTest) {
------------------
_ZN34AddressTest_UpdateAddressTest_Test8TestBodyEv:
        1:   12:TEST(AddressTest, UpdateAddressTest) {
        4:   13:    Address address("Minsk", "Lenina", 10);
        3:   14:    address.updateAddress("Minsk", "Pushkina", 15);
        -:   15:
       1*:   16:    EXPECT_EQ(address.getCity(), "Minsk");
       1*:   17:    EXPECT_EQ(address.getStreet(), "Pushkina");
       1*:   18:    EXPECT_EQ(address.getHouseNumber(), 15);
        1:   19:}
------------------
        -:   20:
        -:   21:
