        -:    0:Source:D:/BSUIR/course2/PPOIS/lab3/salary_lib/Attendance.cpp
        -:    0:Graph:D:\BSUIR\course2\PPOIS\lab3\cmake-build-debug-coverage\salary_lib\CMakeFiles\salary_lib.dir\Attendance.cpp.gcno
        -:    0:Data:D:\BSUIR\course2\PPOIS\lab3\cmake-build-debug-coverage\salary_lib\CMakeFiles\salary_lib.dir\Attendance.cpp.gcda
        -:    0:Runs:1
        -:    1:#include "Attendance.h"
        -:    2:
        2:    3:Attendance::Attendance(Employee* employee, const std::string& date, bool present)
        2:    4:    : employee(employee), date(date), present(present) {}
        -:    5:
        1:    6:void Attendance::updateAttendance(bool present) {
        1:    7:    this->present = present;
        1:    8:}
        -:    9:
        1:   10:Employee* Attendance::getEmployee() const { return employee; }
        1:   11:std::string Attendance::getDate() const { return date; }
        2:   12:bool Attendance::isPresent() const { return present; }
