        -:    0:Source:D:/BSUIR/course2/PPOIS/lab3/Google_tests/Attendance_TEST.cpp
        -:    0:Graph:D:\BSUIR\course2\PPOIS\lab3\cmake-build-debug-coverage\Google_tests\CMakeFiles\Google_Tests_run.dir\Attendance_TEST.cpp.gcno
        -:    0:Data:D:\BSUIR\course2\PPOIS\lab3\cmake-build-debug-coverage\Google_tests\CMakeFiles\Google_Tests_run.dir\Attendance_TEST.cpp.gcda
        -:    0:Runs:1
        -:    1:#include <gtest/gtest.h>
        -:    2:#include "Attendance.h"
        -:    3:#include "Employee.h"
        -:    4:
        4:    5:TEST(AttendanceTest, ConstructorTest) {
       14:    6:    Employee emp(1, "John", "Doe", "Developer", 50, ContactInfo("123-456-7890", "john.doe@example.com"), Address("Minsk", "Lenina", 10));
        1:    7:    Attendance attendance(&emp, "2024-11-25", true);
        -:    8:
       1*:    9:    EXPECT_EQ(attendance.getEmployee()->getFirstName(), "John");
       1*:   10:    EXPECT_EQ(attendance.getDate(), "2024-11-25");
       1*:   11:    EXPECT_TRUE(attendance.isPresent());
        1:   12:}
------------------
_ZN35AttendanceTest_ConstructorTest_TestC1Ev:
        1:    5:TEST(AttendanceTest, ConstructorTest) {
------------------
_ZN35AttendanceTest_ConstructorTest_TestD0Ev:
        1:    5:TEST(AttendanceTest, ConstructorTest) {
------------------
_ZN35AttendanceTest_ConstructorTest_TestD1Ev:
        1:    5:TEST(AttendanceTest, ConstructorTest) {
------------------
_ZN35AttendanceTest_ConstructorTest_Test8TestBodyEv:
        1:    5:TEST(AttendanceTest, ConstructorTest) {
       14:    6:    Employee emp(1, "John", "Doe", "Developer", 50, ContactInfo("123-456-7890", "john.doe@example.com"), Address("Minsk", "Lenina", 10));
        1:    7:    Attendance attendance(&emp, "2024-11-25", true);
        -:    8:
       1*:    9:    EXPECT_EQ(attendance.getEmployee()->getFirstName(), "John");
       1*:   10:    EXPECT_EQ(attendance.getDate(), "2024-11-25");
       1*:   11:    EXPECT_TRUE(attendance.isPresent());
        1:   12:}
------------------
        -:   13:
        4:   14:TEST(AttendanceTest, UpdateAttendanceTest) {
       14:   15:    Employee emp(1, "John", "Doe", "Developer", 50, ContactInfo("123-456-7890", "john.doe@example.com"), Address("Minsk", "Lenina", 10));
        1:   16:    Attendance attendance(&emp, "2024-11-25", true);
        1:   17:    attendance.updateAttendance(false);
        -:   18:
       1*:   19:    EXPECT_FALSE(attendance.isPresent());
        1:   20:}
------------------
_ZN40AttendanceTest_UpdateAttendanceTest_TestC1Ev:
        1:   14:TEST(AttendanceTest, UpdateAttendanceTest) {
------------------
_ZN40AttendanceTest_UpdateAttendanceTest_TestD0Ev:
        1:   14:TEST(AttendanceTest, UpdateAttendanceTest) {
------------------
_ZN40AttendanceTest_UpdateAttendanceTest_TestD1Ev:
        1:   14:TEST(AttendanceTest, UpdateAttendanceTest) {
------------------
_ZN40AttendanceTest_UpdateAttendanceTest_Test8TestBodyEv:
        1:   14:TEST(AttendanceTest, UpdateAttendanceTest) {
       14:   15:    Employee emp(1, "John", "Doe", "Developer", 50, ContactInfo("123-456-7890", "john.doe@example.com"), Address("Minsk", "Lenina", 10));
        1:   16:    Attendance attendance(&emp, "2024-11-25", true);
        1:   17:    attendance.updateAttendance(false);
        -:   18:
       1*:   19:    EXPECT_FALSE(attendance.isPresent());
        1:   20:}
------------------
        -:   21:
