        -:    0:Source:D:/BSUIR/course2/PPOIS/lab3/salary_lib/BankAccount.cpp
        -:    0:Graph:D:\BSUIR\course2\PPOIS\lab3\cmake-build-debug-coverage\salary_lib\CMakeFiles\salary_lib.dir\BankAccount.cpp.gcno
        -:    0:Data:D:\BSUIR\course2\PPOIS\lab3\cmake-build-debug-coverage\salary_lib\CMakeFiles\salary_lib.dir\BankAccount.cpp.gcda
        -:    0:Runs:1
        -:    1:#include "BankAccount.h"
        -:    2:
        2:    3:BankAccount::BankAccount(const std::string& accountNumber, const std::string& bank)
        2:    4:    : accountNumber(accountNumber), bank(bank) {}
        -:    5:
        1:    6:void BankAccount::updateBankAccount(const std::string& accountNumber, const std::string& bank) {
        1:    7:    this->accountNumber = accountNumber;
        1:    8:    this->bank = bank;
        1:    9:}
        -:   10:
        2:   11:std::string BankAccount::getAccountNumber() const {
        2:   12:    return accountNumber;
        -:   13:}
        -:   14:
        2:   15:std::string BankAccount::getBank() const {
        2:   16:    return bank;
        -:   17:}
