        -:    0:Source:D:/BSUIR/course2/PPOIS/lab3/salary_lib/Company.cpp
        -:    0:Graph:D:\BSUIR\course2\PPOIS\lab3\cmake-build-debug-coverage\salary_lib\CMakeFiles\salary_lib.dir\Company.cpp.gcno
        -:    0:Data:D:\BSUIR\course2\PPOIS\lab3\cmake-build-debug-coverage\salary_lib\CMakeFiles\salary_lib.dir\Company.cpp.gcda
        -:    0:Runs:1
        -:    1:#include "Company.h"
        -:    2:#include <algorithm>
        -:    3:
        5:    4:Company::Company(const std::string& name) : name(name) {}
        -:    5:
        4:    6:void Company::addDepartment(const Department& department) {
        4:    7:    departments.push_back(department);
        4:    8:}
        -:    9:
        1:   10:void Company::removeDepartment(const std::string& name) {
        2:   11:    departments.erase(std::remove_if(departments.begin(), departments.end(),
        5:   12:                   [name](Department& department) { return department.getName() == name; }), departments.end());
        1:   13:}
        -:   14:
        2:   15:double Company::calculateTotalSalary() const {
        2:   16:    double total = 0;
        4:   17:    for (const Department& department : departments) {
        2:   18:        total += department.calculateTotalSalary();
        -:   19:    }
        2:   20:    return total;
        -:   21:}
        -:   22:
        2:   23:std::string Company::getName() const { return name; }
        3:   24:const std::vector<Department>& Company::getDepartments() const { return departments; }
