        -:    0:Source:D:/BSUIR/course2/PPOIS/lab3/salary_lib/ContactInfo.cpp
        -:    0:Graph:D:\BSUIR\course2\PPOIS\lab3\cmake-build-debug-coverage\salary_lib\CMakeFiles\salary_lib.dir\ContactInfo.cpp.gcno
        -:    0:Data:D:\BSUIR\course2\PPOIS\lab3\cmake-build-debug-coverage\salary_lib\CMakeFiles\salary_lib.dir\ContactInfo.cpp.gcda
        -:    0:Runs:1
        -:    1:#include "ContactInfo.h"
        -:    2:
       34:    3:ContactInfo::ContactInfo(const std::string& phone, const std::string& email)
       34:    4:    : phone(phone), email(email) {}
        -:    5:
        1:    6:void ContactInfo::updateContactInfo(const std::string& phone, const std::string& email) {
        1:    7:    this->phone = phone;
        1:    8:    this->email = email;
        1:    9:}
        -:   10:
        5:   11:std::string ContactInfo::getPhone() const {
        5:   12:    return phone;
        -:   13:}
        -:   14:
        5:   15:std::string ContactInfo::getEmail() const {
        5:   16:    return email;
        -:   17:}
