        -:    0:Source:D:/BSUIR/course2/PPOIS/lab3/Google_tests/Department_TEST.cpp
        -:    0:Graph:D:\BSUIR\course2\PPOIS\lab3\cmake-build-debug-coverage\Google_tests\CMakeFiles\Google_Tests_run.dir\Department_TEST.cpp.gcno
        -:    0:Data:D:\BSUIR\course2\PPOIS\lab3\cmake-build-debug-coverage\Google_tests\CMakeFiles\Google_Tests_run.dir\Department_TEST.cpp.gcda
        -:    0:Runs:1
        -:    1:#include <gtest/gtest.h>
        -:    2:#include "Department.h"
        -:    3:#include "Employee.h"
        -:    4:#include "Manager.h"
        -:    5:
        4:    6:TEST(DepartmentTest, ConstructorTest) {
        1:    7:    Department dept("IT");
        -:    8:
       1*:    9:    EXPECT_EQ(dept.getName(), "IT");
       1*:   10:    EXPECT_TRUE(dept.getEmployees().empty());
        1:   11:}
------------------
_ZN35DepartmentTest_ConstructorTest_TestC1Ev:
        1:    6:TEST(DepartmentTest, ConstructorTest) {
------------------
_ZN35DepartmentTest_ConstructorTest_TestD0Ev:
        1:    6:TEST(DepartmentTest, ConstructorTest) {
------------------
_ZN35DepartmentTest_ConstructorTest_TestD1Ev:
        1:    6:TEST(DepartmentTest, ConstructorTest) {
------------------
_ZN35DepartmentTest_ConstructorTest_Test8TestBodyEv:
        1:    6:TEST(DepartmentTest, ConstructorTest) {
        1:    7:    Department dept("IT");
        -:    8:
       1*:    9:    EXPECT_EQ(dept.getName(), "IT");
       1*:   10:    EXPECT_TRUE(dept.getEmployees().empty());
        1:   11:}
------------------
        -:   12:
        4:   13:TEST(DepartmentTest, AddAndRemoveEmployeeTest) {
        2:   14:    Department dept("IT");
       14:   15:    Employee emp1(1, "John", "Doe", "Developer", 50, ContactInfo("123-456-7890", "john.doe@example.com"), Address("Minsk", "Lenina", 10));
       13:   16:    Employee emp2(2, "Jane", "Smith", "Designer", 45, ContactInfo("098-765-4321", "jane.smith@example.com"), Address("Minsk", "Pushkina", 15));
        -:   17:
        1:   18:    dept.addEmployee(&emp1);
        1:   19:    dept.addEmployee(&emp2);
        -:   20:
       1*:   21:    EXPECT_EQ(dept.getEmployees().size(), 2);
        -:   22:
        1:   23:    dept.removeEmployee(1);
        -:   24:
       1*:   25:    EXPECT_EQ(dept.getEmployees().size(), 1);
       1*:   26:    EXPECT_EQ(dept.getEmployees().at(0)->getFirstName(), "Jane");
        1:   27:}
------------------
_ZN44DepartmentTest_AddAndRemoveEmployeeTest_TestC1Ev:
        1:   13:TEST(DepartmentTest, AddAndRemoveEmployeeTest) {
------------------
_ZN44DepartmentTest_AddAndRemoveEmployeeTest_TestD0Ev:
        1:   13:TEST(DepartmentTest, AddAndRemoveEmployeeTest) {
------------------
_ZN44DepartmentTest_AddAndRemoveEmployeeTest_TestD1Ev:
        1:   13:TEST(DepartmentTest, AddAndRemoveEmployeeTest) {
------------------
_ZN44DepartmentTest_AddAndRemoveEmployeeTest_Test8TestBodyEv:
        1:   13:TEST(DepartmentTest, AddAndRemoveEmployeeTest) {
        2:   14:    Department dept("IT");
       14:   15:    Employee emp1(1, "John", "Doe", "Developer", 50, ContactInfo("123-456-7890", "john.doe@example.com"), Address("Minsk", "Lenina", 10));
       13:   16:    Employee emp2(2, "Jane", "Smith", "Designer", 45, ContactInfo("098-765-4321", "jane.smith@example.com"), Address("Minsk", "Pushkina", 15));
        -:   17:
        1:   18:    dept.addEmployee(&emp1);
        1:   19:    dept.addEmployee(&emp2);
        -:   20:
       1*:   21:    EXPECT_EQ(dept.getEmployees().size(), 2);
        -:   22:
        1:   23:    dept.removeEmployee(1);
        -:   24:
       1*:   25:    EXPECT_EQ(dept.getEmployees().size(), 1);
       1*:   26:    EXPECT_EQ(dept.getEmployees().at(0)->getFirstName(), "Jane");
        1:   27:}
------------------
        -:   28:
        4:   29:TEST(DepartmentTest, CalculateTotalSalaryTest) {
        2:   30:    Department dept("IT");
       14:   31:    Employee emp1(1, "John", "Doe", "Developer", 50, ContactInfo("123-456-7890", "john.doe@example.com"), Address("Minsk", "Lenina", 10));
       14:   32:    Employee emp2(2, "Jane", "Smith", "Designer", 45, ContactInfo("098-765-4321", "jane.smith@example.com"), Address("Minsk", "Pushkina", 15));
       13:   33:    Manager mgr1(3, "Alice", "Brown", "Manager", 60, 500, ContactInfo("111-222-3333", "alice.brown@example.com"), Address("Minsk", "Gorkogo", 20));
        -:   34:
        1:   35:    emp1.updateHoursWorked(160);
        1:   36:    emp2.updateHoursWorked(160);
        1:   37:    mgr1.updateHoursWorked(160);
        -:   38:
        1:   39:    dept.addEmployee(&emp1);
        1:   40:    dept.addEmployee(&emp2);
        1:   41:    dept.addEmployee(&mgr1);
        -:   42:
        1:   43:    double expectedTotalSalary = emp1.calculateSalary() + emp2.calculateSalary() + mgr1.calculateSalary();
       1*:   44:    EXPECT_DOUBLE_EQ(dept.calculateTotalSalary(), expectedTotalSalary);
        1:   45:}
------------------
_ZN44DepartmentTest_CalculateTotalSalaryTest_TestC1Ev:
        1:   29:TEST(DepartmentTest, CalculateTotalSalaryTest) {
------------------
_ZN44DepartmentTest_CalculateTotalSalaryTest_TestD0Ev:
        1:   29:TEST(DepartmentTest, CalculateTotalSalaryTest) {
------------------
_ZN44DepartmentTest_CalculateTotalSalaryTest_TestD1Ev:
        1:   29:TEST(DepartmentTest, CalculateTotalSalaryTest) {
------------------
_ZN44DepartmentTest_CalculateTotalSalaryTest_Test8TestBodyEv:
        1:   29:TEST(DepartmentTest, CalculateTotalSalaryTest) {
        2:   30:    Department dept("IT");
       14:   31:    Employee emp1(1, "John", "Doe", "Developer", 50, ContactInfo("123-456-7890", "john.doe@example.com"), Address("Minsk", "Lenina", 10));
       14:   32:    Employee emp2(2, "Jane", "Smith", "Designer", 45, ContactInfo("098-765-4321", "jane.smith@example.com"), Address("Minsk", "Pushkina", 15));
       13:   33:    Manager mgr1(3, "Alice", "Brown", "Manager", 60, 500, ContactInfo("111-222-3333", "alice.brown@example.com"), Address("Minsk", "Gorkogo", 20));
        -:   34:
        1:   35:    emp1.updateHoursWorked(160);
        1:   36:    emp2.updateHoursWorked(160);
        1:   37:    mgr1.updateHoursWorked(160);
        -:   38:
        1:   39:    dept.addEmployee(&emp1);
        1:   40:    dept.addEmployee(&emp2);
        1:   41:    dept.addEmployee(&mgr1);
        -:   42:
        1:   43:    double expectedTotalSalary = emp1.calculateSalary() + emp2.calculateSalary() + mgr1.calculateSalary();
       1*:   44:    EXPECT_DOUBLE_EQ(dept.calculateTotalSalary(), expectedTotalSalary);
        1:   45:}
------------------
        -:   46:
        -:   47:
