        -:    0:Source:D:/BSUIR/course2/PPOIS/lab3/Google_tests/Employee_TEST.cpp
        -:    0:Graph:D:\BSUIR\course2\PPOIS\lab3\cmake-build-debug-coverage\Google_tests\CMakeFiles\Google_Tests_run.dir\Employee_TEST.cpp.gcno
        -:    0:Data:D:\BSUIR\course2\PPOIS\lab3\cmake-build-debug-coverage\Google_tests\CMakeFiles\Google_Tests_run.dir\Employee_TEST.cpp.gcda
        -:    0:Runs:1
        -:    1:#include <gtest/gtest.h>
        -:    2:#include "Employee.h"
        -:    3:#include "ContactInfo.h"
        -:    4:#include "Address.h"
        -:    5:#include "Project.h"
        -:    6:
        4:    7:TEST(EmployeeTest, ConstructorTest) {
        4:    8:    ContactInfo contact("123-456-7890", "john.doe@example.com");
        4:    9:    Address address("Minsk", "Lenina", 10);
        5:   10:    Employee emp(1, "John", "Doe", "Developer", 50, contact, address);
        -:   11:
       1*:   12:    EXPECT_EQ(emp.getID(), 1);
       1*:   13:    EXPECT_EQ(emp.getFirstName(), "John");
       1*:   14:    EXPECT_EQ(emp.getLastName(), "Doe");
       1*:   15:    EXPECT_EQ(emp.getPosition(), "Developer");
       1*:   16:    EXPECT_EQ(emp.getHourlyRate(), 50);
       1*:   17:    EXPECT_EQ(emp.getContactInfo().getPhone(), "123-456-7890");
       1*:   18:    EXPECT_EQ(emp.getContactInfo().getEmail(), "john.doe@example.com");
       1*:   19:    EXPECT_EQ(emp.getAddress().getCity(), "Minsk");
       1*:   20:    EXPECT_EQ(emp.getAddress().getStreet(), "Lenina");
       1*:   21:    EXPECT_EQ(emp.getAddress().getHouseNumber(), 10);
        1:   22:}
------------------
_ZN33EmployeeTest_ConstructorTest_TestC1Ev:
        1:    7:TEST(EmployeeTest, ConstructorTest) {
------------------
_ZN33EmployeeTest_ConstructorTest_TestD0Ev:
        1:    7:TEST(EmployeeTest, ConstructorTest) {
------------------
_ZN33EmployeeTest_ConstructorTest_TestD1Ev:
        1:    7:TEST(EmployeeTest, ConstructorTest) {
------------------
_ZN33EmployeeTest_ConstructorTest_Test8TestBodyEv:
        1:    7:TEST(EmployeeTest, ConstructorTest) {
        4:    8:    ContactInfo contact("123-456-7890", "john.doe@example.com");
        4:    9:    Address address("Minsk", "Lenina", 10);
        5:   10:    Employee emp(1, "John", "Doe", "Developer", 50, contact, address);
        -:   11:
       1*:   12:    EXPECT_EQ(emp.getID(), 1);
       1*:   13:    EXPECT_EQ(emp.getFirstName(), "John");
       1*:   14:    EXPECT_EQ(emp.getLastName(), "Doe");
       1*:   15:    EXPECT_EQ(emp.getPosition(), "Developer");
       1*:   16:    EXPECT_EQ(emp.getHourlyRate(), 50);
       1*:   17:    EXPECT_EQ(emp.getContactInfo().getPhone(), "123-456-7890");
       1*:   18:    EXPECT_EQ(emp.getContactInfo().getEmail(), "john.doe@example.com");
       1*:   19:    EXPECT_EQ(emp.getAddress().getCity(), "Minsk");
       1*:   20:    EXPECT_EQ(emp.getAddress().getStreet(), "Lenina");
       1*:   21:    EXPECT_EQ(emp.getAddress().getHouseNumber(), 10);
        1:   22:}
------------------
        -:   23:
        4:   24:TEST(EmployeeTest, UpdateHoursWorkedTest) {
        4:   25:    ContactInfo contact("123-456-7890", "john.doe@example.com");
        4:   26:    Address address("Minsk", "Lenina", 10);
        5:   27:    Employee emp(1, "John", "Doe", "Developer", 50, contact, address);
        -:   28:
        1:   29:    emp.updateHoursWorked(160);
       1*:   30:    EXPECT_EQ(emp.getHoursWorked(), 160);
        1:   31:}
------------------
_ZN39EmployeeTest_UpdateHoursWorkedTest_TestC1Ev:
        1:   24:TEST(EmployeeTest, UpdateHoursWorkedTest) {
------------------
_ZN39EmployeeTest_UpdateHoursWorkedTest_TestD0Ev:
        1:   24:TEST(EmployeeTest, UpdateHoursWorkedTest) {
------------------
_ZN39EmployeeTest_UpdateHoursWorkedTest_TestD1Ev:
        1:   24:TEST(EmployeeTest, UpdateHoursWorkedTest) {
------------------
_ZN39EmployeeTest_UpdateHoursWorkedTest_Test8TestBodyEv:
        1:   24:TEST(EmployeeTest, UpdateHoursWorkedTest) {
        4:   25:    ContactInfo contact("123-456-7890", "john.doe@example.com");
        4:   26:    Address address("Minsk", "Lenina", 10);
        5:   27:    Employee emp(1, "John", "Doe", "Developer", 50, contact, address);
        -:   28:
        1:   29:    emp.updateHoursWorked(160);
       1*:   30:    EXPECT_EQ(emp.getHoursWorked(), 160);
        1:   31:}
------------------
        -:   32:
        4:   33:TEST(EmployeeTest, CalculateSalaryTest) {
        4:   34:    ContactInfo contact("123-456-7890", "john.doe@example.com");
        4:   35:    Address address("Minsk", "Lenina", 10);
        5:   36:    Employee emp(1, "John", "Doe", "Developer", 50, contact, address);
        -:   37:
        1:   38:    emp.updateHoursWorked(160);
       1*:   39:    EXPECT_DOUBLE_EQ(emp.calculateSalary(), 8000); // 50 * 160
       1*:   40:    EXPECT_DOUBLE_EQ(emp.getSalary(), 8000);
        1:   41:}
------------------
_ZN37EmployeeTest_CalculateSalaryTest_TestC1Ev:
        1:   33:TEST(EmployeeTest, CalculateSalaryTest) {
------------------
_ZN37EmployeeTest_CalculateSalaryTest_TestD0Ev:
        1:   33:TEST(EmployeeTest, CalculateSalaryTest) {
------------------
_ZN37EmployeeTest_CalculateSalaryTest_TestD1Ev:
        1:   33:TEST(EmployeeTest, CalculateSalaryTest) {
------------------
_ZN37EmployeeTest_CalculateSalaryTest_Test8TestBodyEv:
        1:   33:TEST(EmployeeTest, CalculateSalaryTest) {
        4:   34:    ContactInfo contact("123-456-7890", "john.doe@example.com");
        4:   35:    Address address("Minsk", "Lenina", 10);
        5:   36:    Employee emp(1, "John", "Doe", "Developer", 50, contact, address);
        -:   37:
        1:   38:    emp.updateHoursWorked(160);
       1*:   39:    EXPECT_DOUBLE_EQ(emp.calculateSalary(), 8000); // 50 * 160
       1*:   40:    EXPECT_DOUBLE_EQ(emp.getSalary(), 8000);
        1:   41:}
------------------
        -:   42:
        4:   43:TEST(EmployeeTest, AddProjectTest) {
        4:   44:    ContactInfo contact("123-456-7890", "john.doe@example.com");
        4:   45:    Address address("Minsk", "Lenina", 10);
        6:   46:    Employee emp(1, "John", "Doe", "Developer", 50, contact, address);
        1:   47:    Project project("New Project");
        -:   48:
        1:   49:    emp.addProject(&project);
       1*:   50:    EXPECT_EQ(emp.getProjects().size(), 1);
       1*:   51:    EXPECT_EQ(emp.getProjects()[0]->getName(), "New Project");
        1:   52:}
------------------
_ZN32EmployeeTest_AddProjectTest_TestC1Ev:
        1:   43:TEST(EmployeeTest, AddProjectTest) {
------------------
_ZN32EmployeeTest_AddProjectTest_TestD0Ev:
        1:   43:TEST(EmployeeTest, AddProjectTest) {
------------------
_ZN32EmployeeTest_AddProjectTest_TestD1Ev:
        1:   43:TEST(EmployeeTest, AddProjectTest) {
------------------
_ZN32EmployeeTest_AddProjectTest_Test8TestBodyEv:
        1:   43:TEST(EmployeeTest, AddProjectTest) {
        4:   44:    ContactInfo contact("123-456-7890", "john.doe@example.com");
        4:   45:    Address address("Minsk", "Lenina", 10);
        6:   46:    Employee emp(1, "John", "Doe", "Developer", 50, contact, address);
        1:   47:    Project project("New Project");
        -:   48:
        1:   49:    emp.addProject(&project);
       1*:   50:    EXPECT_EQ(emp.getProjects().size(), 1);
       1*:   51:    EXPECT_EQ(emp.getProjects()[0]->getName(), "New Project");
        1:   52:}
------------------
        -:   53:
        4:   54:TEST(EmployeeTest, SetContactInfoTest) {
        4:   55:    ContactInfo oldContact("123-456-7890", "john.doe@example.com");
        4:   56:    Address address("Minsk", "Lenina", 10);
        6:   57:    Employee emp(1, "John", "Doe", "Developer", 50, oldContact, address);
        -:   58:
        3:   59:    ContactInfo newContact("098-765-4321", "john.new@example.com");
        1:   60:    emp.setContactInfo(newContact);
       1*:   61:    EXPECT_EQ(emp.getContactInfo().getPhone(), "098-765-4321");
       1*:   62:    EXPECT_EQ(emp.getContactInfo().getEmail(), "john.new@example.com");
        1:   63:}
------------------
_ZN36EmployeeTest_SetContactInfoTest_TestC1Ev:
        1:   54:TEST(EmployeeTest, SetContactInfoTest) {
------------------
_ZN36EmployeeTest_SetContactInfoTest_TestD0Ev:
        1:   54:TEST(EmployeeTest, SetContactInfoTest) {
------------------
_ZN36EmployeeTest_SetContactInfoTest_TestD1Ev:
        1:   54:TEST(EmployeeTest, SetContactInfoTest) {
------------------
_ZN36EmployeeTest_SetContactInfoTest_Test8TestBodyEv:
        1:   54:TEST(EmployeeTest, SetContactInfoTest) {
        4:   55:    ContactInfo oldContact("123-456-7890", "john.doe@example.com");
        4:   56:    Address address("Minsk", "Lenina", 10);
        6:   57:    Employee emp(1, "John", "Doe", "Developer", 50, oldContact, address);
        -:   58:
        3:   59:    ContactInfo newContact("098-765-4321", "john.new@example.com");
        1:   60:    emp.setContactInfo(newContact);
       1*:   61:    EXPECT_EQ(emp.getContactInfo().getPhone(), "098-765-4321");
       1*:   62:    EXPECT_EQ(emp.getContactInfo().getEmail(), "john.new@example.com");
        1:   63:}
------------------
        -:   64:
        4:   65:TEST(EmployeeTest, SetAddressTest) {
        4:   66:    ContactInfo contact("123-456-7890", "john.doe@example.com");
        4:   67:    Address oldAddress("Minsk", "Lenina", 10);
        6:   68:    Employee emp(1, "John", "Doe", "Developer", 50, contact, oldAddress);
        -:   69:
        3:   70:    Address newAddress("Minsk", "Pushkina", 20);
        1:   71:    emp.setAddress(newAddress);
       1*:   72:    EXPECT_EQ(emp.getAddress().getCity(), "Minsk");
       1*:   73:    EXPECT_EQ(emp.getAddress().getStreet(), "Pushkina");
       1*:   74:    EXPECT_EQ(emp.getAddress().getHouseNumber(), 20);
        1:   75:}
------------------
_ZN32EmployeeTest_SetAddressTest_TestC1Ev:
        1:   65:TEST(EmployeeTest, SetAddressTest) {
------------------
_ZN32EmployeeTest_SetAddressTest_TestD0Ev:
        1:   65:TEST(EmployeeTest, SetAddressTest) {
------------------
_ZN32EmployeeTest_SetAddressTest_TestD1Ev:
        1:   65:TEST(EmployeeTest, SetAddressTest) {
------------------
_ZN32EmployeeTest_SetAddressTest_Test8TestBodyEv:
        1:   65:TEST(EmployeeTest, SetAddressTest) {
        4:   66:    ContactInfo contact("123-456-7890", "john.doe@example.com");
        4:   67:    Address oldAddress("Minsk", "Lenina", 10);
        6:   68:    Employee emp(1, "John", "Doe", "Developer", 50, contact, oldAddress);
        -:   69:
        3:   70:    Address newAddress("Minsk", "Pushkina", 20);
        1:   71:    emp.setAddress(newAddress);
       1*:   72:    EXPECT_EQ(emp.getAddress().getCity(), "Minsk");
       1*:   73:    EXPECT_EQ(emp.getAddress().getStreet(), "Pushkina");
       1*:   74:    EXPECT_EQ(emp.getAddress().getHouseNumber(), 20);
        1:   75:}
------------------
        -:   76:
        -:   77:
