        -:    0:Source:D:/BSUIR/course2/PPOIS/lab3/Google_tests/lib/googletest/src/gtest.cc
        -:    0:Graph:D:\BSUIR\course2\PPOIS\lab3\cmake-build-debug-coverage\Google_tests\lib\googletest\CMakeFiles\gtest.dir\src\gtest-all.cc.gcno
        -:    0:Data:D:\BSUIR\course2\PPOIS\lab3\cmake-build-debug-coverage\Google_tests\lib\googletest\CMakeFiles\gtest.dir\src\gtest-all.cc.gcda
        -:    0:Runs:1
        -:    1:// Copyright 2005, Google Inc.
        -:    2:// All rights reserved.
        -:    3://
        -:    4:// Redistribution and use in source and binary forms, with or without
        -:    5:// modification, are permitted provided that the following conditions are
        -:    6:// met:
        -:    7://
        -:    8://     * Redistributions of source code must retain the above copyright
        -:    9:// notice, this list of conditions and the following disclaimer.
        -:   10://     * Redistributions in binary form must reproduce the above
        -:   11:// copyright notice, this list of conditions and the following disclaimer
        -:   12:// in the documentation and/or other materials provided with the
        -:   13:// distribution.
        -:   14://     * Neither the name of Google Inc. nor the names of its
        -:   15:// contributors may be used to endorse or promote products derived from
        -:   16:// this software without specific prior written permission.
        -:   17://
        -:   18:// THIS SOFTWARE IS PROVIDED BY THE COPYRIGHT HOLDERS AND CONTRIBUTORS
        -:   19:// "AS IS" AND ANY EXPRESS OR IMPLIED WARRANTIES, INCLUDING, BUT NOT
        -:   20:// LIMITED TO, THE IMPLIED WARRANTIES OF MERCHANTABILITY AND FITNESS FOR
        -:   21:// A PARTICULAR PURPOSE ARE DISCLAIMED. IN NO EVENT SHALL THE COPYRIGHT
        -:   22:// OWNER OR CONTRIBUTORS BE LIABLE FOR ANY DIRECT, INDIRECT, INCIDENTAL,
        -:   23:// SPECIAL, EXEMPLARY, OR CONSEQUENTIAL DAMAGES (INCLUDING, BUT NOT
        -:   24:// LIMITED TO, PROCUREMENT OF SUBSTITUTE GOODS OR SERVICES; LOSS OF USE,
        -:   25:// DATA, OR PROFITS; OR BUSINESS INTERRUPTION) HOWEVER CAUSED AND ON ANY
        -:   26:// THEORY OF LIABILITY, WHETHER IN CONTRACT, STRICT LIABILITY, OR TORT
        -:   27:// (INCLUDING NEGLIGENCE OR OTHERWISE) ARISING IN ANY WAY OUT OF THE USE
        -:   28:// OF THIS SOFTWARE, EVEN IF ADVISED OF THE POSSIBILITY OF SUCH DAMAGE.
        -:   29:
        -:   30://
        -:   31:// The Google C++ Testing and Mocking Framework (Google Test)
        -:   32:
        -:   33:#include "gtest/gtest.h"
        -:   34:
        -:   35:#include <ctype.h>
        -:   36:#include <stdarg.h>
        -:   37:#include <stdio.h>
        -:   38:#include <stdlib.h>
        -:   39:#include <time.h>
        -:   40:#include <wchar.h>
        -:   41:#include <wctype.h>
        -:   42:
        -:   43:#include <algorithm>
        -:   44:#include <chrono>  // NOLINT
        -:   45:#include <cmath>
        -:   46:#include <csignal>  // NOLINT: raise(3) is used on some platforms
        -:   47:#include <cstdint>
        -:   48:#include <cstdlib>
        -:   49:#include <cstring>
        -:   50:#include <initializer_list>
        -:   51:#include <iomanip>
        -:   52:#include <ios>
        -:   53:#include <iostream>
        -:   54:#include <iterator>
        -:   55:#include <limits>
        -:   56:#include <list>
        -:   57:#include <map>
        -:   58:#include <ostream>  // NOLINT
        -:   59:#include <set>
        -:   60:#include <sstream>
        -:   61:#include <unordered_set>
        -:   62:#include <utility>
        -:   63:#include <vector>
        -:   64:
        -:   65:#include "gtest/gtest-assertion-result.h"
        -:   66:#include "gtest/gtest-spi.h"
        -:   67:#include "gtest/internal/custom/gtest.h"
        -:   68:#include "gtest/internal/gtest-port.h"
        -:   69:
        -:   70:#ifdef GTEST_OS_LINUX
        -:   71:
        -:   72:#include <fcntl.h>   // NOLINT
        -:   73:#include <limits.h>  // NOLINT
        -:   74:#include <sched.h>   // NOLINT
        -:   75:// Declares vsnprintf().  This header is not available on Windows.
        -:   76:#include <strings.h>   // NOLINT
        -:   77:#include <sys/mman.h>  // NOLINT
        -:   78:#include <sys/time.h>  // NOLINT
        -:   79:#include <unistd.h>    // NOLINT
        -:   80:
        -:   81:#include <string>
        -:   82:
        -:   83:#elif defined(GTEST_OS_ZOS)
        -:   84:#include <sys/time.h>  // NOLINT
        -:   85:
        -:   86:// On z/OS we additionally need strings.h for strcasecmp.
        -:   87:#include <strings.h>   // NOLINT
        -:   88:
        -:   89:#elif defined(GTEST_OS_WINDOWS_MOBILE)  // We are on Windows CE.
        -:   90:
        -:   91:#include <windows.h>  // NOLINT
        -:   92:#undef min
        -:   93:
        -:   94:#elif defined(GTEST_OS_WINDOWS)  // We are on Windows proper.
        -:   95:
        -:   96:#include <windows.h>  // NOLINT
        -:   97:#undef min
        -:   98:
        -:   99:#ifdef _MSC_VER
        -:  100:#include <crtdbg.h>  // NOLINT
        -:  101:#endif
        -:  102:
        -:  103:#include <io.h>         // NOLINT
        -:  104:#include <sys/stat.h>   // NOLINT
        -:  105:#include <sys/timeb.h>  // NOLINT
        -:  106:#include <sys/types.h>  // NOLINT
        -:  107:
        -:  108:#ifdef GTEST_OS_WINDOWS_MINGW
        -:  109:#include <sys/time.h>  // NOLINT
        -:  110:#endif                 // GTEST_OS_WINDOWS_MINGW
        -:  111:
        -:  112:#else
        -:  113:
        -:  114:// cpplint thinks that the header is already included, so we want to
        -:  115:// silence it.
        -:  116:#include <sys/time.h>  // NOLINT
        -:  117:#include <unistd.h>    // NOLINT
        -:  118:
        -:  119:#endif  // GTEST_OS_LINUX
        -:  120:
        -:  121:#if GTEST_HAS_EXCEPTIONS
        -:  122:#include <stdexcept>
        -:  123:#endif
        -:  124:
        -:  125:#if GTEST_CAN_STREAM_RESULTS_
        -:  126:#include <arpa/inet.h>   // NOLINT
        -:  127:#include <netdb.h>       // NOLINT
        -:  128:#include <sys/socket.h>  // NOLINT
        -:  129:#include <sys/types.h>   // NOLINT
        -:  130:#endif
        -:  131:
        -:  132:#include "src/gtest-internal-inl.h"
        -:  133:
        -:  134:#ifdef GTEST_OS_WINDOWS
        -:  135:#define vsnprintf _vsnprintf
        -:  136:#endif  // GTEST_OS_WINDOWS
        -:  137:
        -:  138:#ifdef GTEST_OS_MAC
        -:  139:#ifndef GTEST_OS_IOS
        -:  140:#include <crt_externs.h>
        -:  141:#endif
        -:  142:#endif
        -:  143:
        -:  144:#ifdef GTEST_HAS_ABSL
        -:  145:#include "absl/container/flat_hash_set.h"
        -:  146:#include "absl/debugging/failure_signal_handler.h"
        -:  147:#include "absl/debugging/stacktrace.h"
        -:  148:#include "absl/debugging/symbolize.h"
        -:  149:#include "absl/flags/parse.h"
        -:  150:#include "absl/flags/usage.h"
        -:  151:#include "absl/strings/str_cat.h"
        -:  152:#include "absl/strings/str_replace.h"
        -:  153:#include "absl/strings/string_view.h"
        -:  154:#include "absl/strings/strip.h"
        -:  155:#endif  // GTEST_HAS_ABSL
        -:  156:
        -:  157:// Checks builtin compiler feature |x| while avoiding an extra layer of #ifdefs
        -:  158:// at the callsite.
        -:  159:#if defined(__has_builtin)
        -:  160:#define GTEST_HAS_BUILTIN(x) __has_builtin(x)
        -:  161:#else
        -:  162:#define GTEST_HAS_BUILTIN(x) 0
        -:  163:#endif  // defined(__has_builtin)
        -:  164:
        -:  165:#if defined(GTEST_HAS_ABSL) && !defined(GTEST_NO_ABSL_FLAGS)
        -:  166:#define GTEST_HAS_ABSL_FLAGS
        -:  167:#endif
        -:  168:
        -:  169:namespace testing {
        -:  170:
        -:  171:using internal::CountIf;
        -:  172:using internal::ForEach;
        -:  173:using internal::GetElementOr;
        -:  174:using internal::Shuffle;
        -:  175:
        -:  176:// Constants.
        -:  177:
        -:  178:// A test whose test suite name or test name matches this filter is
        -:  179:// disabled and not run.
        -:  180:static const char kDisableTestFilter[] = "DISABLED_*:*/DISABLED_*";
        -:  181:
        -:  182:// A test suite whose name matches this filter is considered a death
        -:  183:// test suite and will be run before test suites whose name doesn't
        -:  184:// match this filter.
        -:  185:static const char kDeathTestSuiteFilter[] = "*DeathTest:*DeathTest/*";
        -:  186:
        -:  187:// A test filter that matches everything.
        -:  188:static const char kUniversalFilter[] = "*";
        -:  189:
        -:  190:// The default output format.
        -:  191:static const char kDefaultOutputFormat[] = "xml";
        -:  192:// The default output file.
        -:  193:static const char kDefaultOutputFile[] = "test_detail";
        -:  194:
        -:  195:// The environment variable name for the test shard index.
        -:  196:static const char kTestShardIndex[] = "GTEST_SHARD_INDEX";
        -:  197:// The environment variable name for the total number of test shards.
        -:  198:static const char kTestTotalShards[] = "GTEST_TOTAL_SHARDS";
        -:  199:// The environment variable name for the test shard status file.
        -:  200:static const char kTestShardStatusFile[] = "GTEST_SHARD_STATUS_FILE";
        -:  201:
        -:  202:namespace internal {
        -:  203:
        -:  204:// The text used in failure messages to indicate the start of the
        -:  205:// stack trace.
        -:  206:const char kStackTraceMarker[] = "\nStack trace:\n";
        -:  207:
        -:  208:// g_help_flag is true if and only if the --help flag or an equivalent form
        -:  209:// is specified on the command line.
        -:  210:bool g_help_flag = false;
        -:  211:
        -:  212:#if GTEST_HAS_FILE_SYSTEM
        -:  213:// Utility function to Open File for Writing
    #####:  214:static FILE* OpenFileForWriting(const std::string& output_file) {
    #####:  215:  FILE* fileout = nullptr;
    #####:  216:  FilePath output_file_path(output_file);
    #####:  217:  FilePath output_dir(output_file_path.RemoveFileName());
        -:  218:
    #####:  219:  if (output_dir.CreateDirectoriesRecursively()) {
    #####:  220:    fileout = posix::FOpen(output_file.c_str(), "w");
        -:  221:  }
    #####:  222:  if (fileout == nullptr) {
    #####:  223:    GTEST_LOG_(FATAL) << "Unable to open file \"" << output_file << "\"";
        -:  224:  }
    #####:  225:  return fileout;
    #####:  226:}
        -:  227:#endif  // GTEST_HAS_FILE_SYSTEM
        -:  228:
        -:  229:}  // namespace internal
        -:  230:
        -:  231:// Bazel passes in the argument to '--test_filter' via the TESTBRIDGE_TEST_ONLY
        -:  232:// environment variable.
        1:  233:static const char* GetDefaultFilter() {
        -:  234:  const char* const testbridge_test_only =
        1:  235:      internal::posix::GetEnv("TESTBRIDGE_TEST_ONLY");
        1:  236:  if (testbridge_test_only != nullptr) {
    #####:  237:    return testbridge_test_only;
        -:  238:  }
        1:  239:  return kUniversalFilter;
        -:  240:}
        -:  241:
        -:  242:// Bazel passes in the argument to '--test_runner_fail_fast' via the
        -:  243:// TESTBRIDGE_TEST_RUNNER_FAIL_FAST environment variable.
        1:  244:static bool GetDefaultFailFast() {
        -:  245:  const char* const testbridge_test_runner_fail_fast =
        1:  246:      internal::posix::GetEnv("TESTBRIDGE_TEST_RUNNER_FAIL_FAST");
        1:  247:  if (testbridge_test_runner_fail_fast != nullptr) {
    #####:  248:    return strcmp(testbridge_test_runner_fail_fast, "1") == 0;
        -:  249:  }
        1:  250:  return false;
        -:  251:}
        -:  252:
        -:  253:}  // namespace testing
        -:  254:
        -:  255:GTEST_DEFINE_bool_(
        -:  256:    fail_fast,
        -:  257:    testing::internal::BoolFromGTestEnv("fail_fast",
        -:  258:                                        testing::GetDefaultFailFast()),
        -:  259:    "True if and only if a test failure should stop further test execution.");
        -:  260:
        -:  261:GTEST_DEFINE_bool_(
        -:  262:    also_run_disabled_tests,
        -:  263:    testing::internal::BoolFromGTestEnv("also_run_disabled_tests", false),
        -:  264:    "Run disabled tests too, in addition to the tests normally being run.");
        -:  265:
        -:  266:GTEST_DEFINE_bool_(
        -:  267:    break_on_failure,
        -:  268:    testing::internal::BoolFromGTestEnv("break_on_failure", false),
        -:  269:    "True if and only if a failed assertion should be a debugger "
        -:  270:    "break-point.");
        -:  271:
        -:  272:GTEST_DEFINE_bool_(catch_exceptions,
        -:  273:                   testing::internal::BoolFromGTestEnv("catch_exceptions",
        -:  274:                                                       true),
        -:  275:                   "True if and only if " GTEST_NAME_
        -:  276:                   " should catch exceptions and treat them as test failures.");
        -:  277:
        -:  278:GTEST_DEFINE_string_(
        -:  279:    color, testing::internal::StringFromGTestEnv("color", "auto"),
        -:  280:    "Whether to use colors in the output.  Valid values: yes, no, "
        -:  281:    "and auto.  'auto' means to use colors if the output is "
        -:  282:    "being sent to a terminal and the TERM environment variable "
        -:  283:    "is set to a terminal type that supports colors.");
        -:  284:
        -:  285:GTEST_DEFINE_string_(
        -:  286:    filter,
        -:  287:    testing::internal::StringFromGTestEnv("filter",
        -:  288:                                          testing::GetDefaultFilter()),
        -:  289:    "A colon-separated list of glob (not regex) patterns "
        -:  290:    "for filtering the tests to run, optionally followed by a "
        -:  291:    "'-' and a : separated list of negative patterns (tests to "
        -:  292:    "exclude).  A test is run if it matches one of the positive "
        -:  293:    "patterns and does not match any of the negative patterns.");
        -:  294:
        -:  295:GTEST_DEFINE_bool_(
        -:  296:    install_failure_signal_handler,
        -:  297:    testing::internal::BoolFromGTestEnv("install_failure_signal_handler",
        -:  298:                                        false),
        -:  299:    "If true and supported on the current platform, " GTEST_NAME_
        -:  300:    " should "
        -:  301:    "install a signal handler that dumps debugging information when fatal "
        -:  302:    "signals are raised.");
        -:  303:
        -:  304:GTEST_DEFINE_bool_(list_tests, false, "List all tests without running them.");
        -:  305:
        -:  306:// The net priority order after flag processing is thus:
        -:  307://   --gtest_output command line flag
        -:  308://   GTEST_OUTPUT environment variable
        -:  309://   XML_OUTPUT_FILE environment variable
        -:  310://   ''
        -:  311:GTEST_DEFINE_string_(
        -:  312:    output,
        -:  313:    testing::internal::StringFromGTestEnv(
        -:  314:        "output", testing::internal::OutputFlagAlsoCheckEnvVar().c_str()),
        -:  315:    "A format (defaults to \"xml\" but can be specified to be \"json\"), "
        -:  316:    "optionally followed by a colon and an output file name or directory. "
        -:  317:    "A directory is indicated by a trailing pathname separator. "
        -:  318:    "Examples: \"xml:filename.xml\", \"xml::directoryname/\". "
        -:  319:    "If a directory is specified, output files will be created "
        -:  320:    "within that directory, with file-names based on the test "
        -:  321:    "executable's name and, if necessary, made unique by adding "
        -:  322:    "digits.");
        -:  323:
        -:  324:GTEST_DEFINE_bool_(
        -:  325:    brief, testing::internal::BoolFromGTestEnv("brief", false),
        -:  326:    "True if only test failures should be displayed in text output.");
        -:  327:
        -:  328:GTEST_DEFINE_bool_(print_time,
        -:  329:                   testing::internal::BoolFromGTestEnv("print_time", true),
        -:  330:                   "True if and only if " GTEST_NAME_
        -:  331:                   " should display elapsed time in text output.");
        -:  332:
        -:  333:GTEST_DEFINE_bool_(print_utf8,
        -:  334:                   testing::internal::BoolFromGTestEnv("print_utf8", true),
        -:  335:                   "True if and only if " GTEST_NAME_
        -:  336:                   " prints UTF8 characters as text.");
        -:  337:
        -:  338:GTEST_DEFINE_int32_(
        -:  339:    random_seed, testing::internal::Int32FromGTestEnv("random_seed", 0),
        -:  340:    "Random number seed to use when shuffling test orders.  Must be in range "
        -:  341:    "[1, 99999], or 0 to use a seed based on the current time.");
        -:  342:
        -:  343:GTEST_DEFINE_int32_(
        -:  344:    repeat, testing::internal::Int32FromGTestEnv("repeat", 1),
        -:  345:    "How many times to repeat each test.  Specify a negative number "
        -:  346:    "for repeating forever.  Useful for shaking out flaky tests.");
        -:  347:
        -:  348:GTEST_DEFINE_bool_(
        -:  349:    recreate_environments_when_repeating,
        -:  350:    testing::internal::BoolFromGTestEnv("recreate_environments_when_repeating",
        -:  351:                                        false),
        -:  352:    "Controls whether global test environments are recreated for each repeat "
        -:  353:    "of the tests. If set to false the global test environments are only set "
        -:  354:    "up once, for the first iteration, and only torn down once, for the last. "
        -:  355:    "Useful for shaking out flaky tests with stable, expensive test "
        -:  356:    "environments. If --gtest_repeat is set to a negative number, meaning "
        -:  357:    "there is no last run, the environments will always be recreated to avoid "
        -:  358:    "leaks.");
        -:  359:
        -:  360:GTEST_DEFINE_bool_(show_internal_stack_frames, false,
        -:  361:                   "True if and only if " GTEST_NAME_
        -:  362:                   " should include internal stack frames when "
        -:  363:                   "printing test failure stack traces.");
        -:  364:
        -:  365:GTEST_DEFINE_bool_(shuffle,
        -:  366:                   testing::internal::BoolFromGTestEnv("shuffle", false),
        -:  367:                   "True if and only if " GTEST_NAME_
        -:  368:                   " should randomize tests' order on every run.");
        -:  369:
        -:  370:GTEST_DEFINE_int32_(
        -:  371:    stack_trace_depth,
        -:  372:    testing::internal::Int32FromGTestEnv("stack_trace_depth",
        -:  373:                                         testing::kMaxStackTraceDepth),
        -:  374:    "The maximum number of stack frames to print when an "
        -:  375:    "assertion fails.  The valid range is 0 through 100, inclusive.");
        -:  376:
        -:  377:GTEST_DEFINE_string_(
        -:  378:    stream_result_to,
        -:  379:    testing::internal::StringFromGTestEnv("stream_result_to", ""),
        -:  380:    "This flag specifies the host name and the port number on which to stream "
        -:  381:    "test results. Example: \"localhost:555\". The flag is effective only on "
        -:  382:    "Linux and macOS.");
        -:  383:
        -:  384:GTEST_DEFINE_bool_(
        -:  385:    throw_on_failure,
        -:  386:    testing::internal::BoolFromGTestEnv("throw_on_failure", false),
        -:  387:    "When this flag is specified, a failed assertion will throw an exception "
        -:  388:    "if exceptions are enabled or exit the program with a non-zero code "
        -:  389:    "otherwise. For use with an external test framework.");
        -:  390:
        -:  391:#if GTEST_USE_OWN_FLAGFILE_FLAG_
        -:  392:GTEST_DEFINE_string_(
        -:  393:    flagfile, testing::internal::StringFromGTestEnv("flagfile", ""),
        -:  394:    "This flag specifies the flagfile to read command-line flags from.");
        -:  395:#endif  // GTEST_USE_OWN_FLAGFILE_FLAG_
        -:  396:
        -:  397:namespace testing {
        -:  398:namespace internal {
        -:  399:
        -:  400:const uint32_t Random::kMaxRange;
        -:  401:
        -:  402:// Generates a random number from [0, range), using a Linear
        -:  403:// Congruential Generator (LCG).  Crashes if 'range' is 0 or greater
        -:  404:// than kMaxRange.
    #####:  405:uint32_t Random::Generate(uint32_t range) {
        -:  406:  // These constants are the same as are used in glibc's rand(3).
        -:  407:  // Use wider types than necessary to prevent unsigned overflow diagnostics.
    #####:  408:  state_ = static_cast<uint32_t>(1103515245ULL * state_ + 12345U) % kMaxRange;
        -:  409:
    #####:  410:  GTEST_CHECK_(range > 0) << "Cannot generate a number in the range [0, 0).";
    #####:  411:  GTEST_CHECK_(range <= kMaxRange)
    #####:  412:      << "Generation of a number in [0, " << range << ") was requested, "
    #####:  413:      << "but this can only generate numbers in [0, " << kMaxRange << ").";
        -:  414:
        -:  415:  // Converting via modulus introduces a bit of downward bias, but
        -:  416:  // it's simple, and a linear congruential generator isn't too good
        -:  417:  // to begin with.
    #####:  418:  return state_ % range;
        -:  419:}
        -:  420:
        -:  421:// GTestIsInitialized() returns true if and only if the user has initialized
        -:  422:// Google Test.  Useful for catching the user mistake of not initializing
        -:  423:// Google Test before calling RUN_ALL_TESTS().
        2:  424:static bool GTestIsInitialized() { return !GetArgvs().empty(); }
        -:  425:
        -:  426:// Iterates over a vector of TestSuites, keeping a running sum of the
        -:  427:// results of calling a given int-returning method on each.
        -:  428:// Returns the sum.
        5:  429:static int SumOverTestSuiteList(const std::vector<TestSuite*>& case_list,
        -:  430:                                int (TestSuite::*method)() const) {
        5:  431:  int sum = 0;
       85:  432:  for (size_t i = 0; i < case_list.size(); i++) {
      80*:  433:    sum += (case_list[i]->*method)();
        -:  434:  }
        5:  435:  return sum;
        -:  436:}
        -:  437:
        -:  438:// Returns true if and only if the test suite passed.
    #####:  439:static bool TestSuitePassed(const TestSuite* test_suite) {
    #####:  440:  return test_suite->should_run() && test_suite->Passed();
        -:  441:}
        -:  442:
        -:  443:// Returns true if and only if the test suite failed.
       32:  444:static bool TestSuiteFailed(const TestSuite* test_suite) {
      32*:  445:  return test_suite->should_run() && test_suite->Failed();
        -:  446:}
        -:  447:
        -:  448:// Returns true if and only if test_suite contains at least one test that
        -:  449:// should run.
       32:  450:static bool ShouldRunTestSuite(const TestSuite* test_suite) {
       32:  451:  return test_suite->should_run();
        -:  452:}
        -:  453:
        -:  454:namespace {
        -:  455:
        -:  456:// Returns true if test part results of type `type` should include a stack
        -:  457:// trace.
    #####:  458:bool ShouldEmitStackTraceForResultType(TestPartResult::Type type) {
        -:  459:  // Suppress emission of the stack trace for SUCCEED() since it likely never
        -:  460:  // requires investigation, and GTEST_SKIP() since skipping is an intentional
        -:  461:  // act by the developer rather than a failure requiring investigation.
    #####:  462:  return type != TestPartResult::kSuccess && type != TestPartResult::kSkip;
        -:  463:}
        -:  464:
        -:  465:}  // namespace
        -:  466:
        -:  467:// AssertHelper constructor.
    #####:  468:AssertHelper::AssertHelper(TestPartResult::Type type, const char* file,
    #####:  469:                           int line, const char* message)
    #####:  470:    : data_(new AssertHelperData(type, file, line, message)) {}
        -:  471:
    #####:  472:AssertHelper::~AssertHelper() { delete data_; }
        -:  473:
        -:  474:// Message assignment, for assertion streaming support.
    #####:  475:void AssertHelper::operator=(const Message& message) const {
    #####:  476:  UnitTest::GetInstance()->AddTestPartResult(
    #####:  477:      data_->type, data_->file, data_->line,
    #####:  478:      AppendUserMessage(data_->message, message),
    #####:  479:      ShouldEmitStackTraceForResultType(data_->type)
    #####:  480:          ? UnitTest::GetInstance()->impl()->CurrentOsStackTraceExceptTop(1)
        -:  481:          : ""
        -:  482:      // Skips the stack frame for this function itself.
        -:  483:  );  // NOLINT
    #####:  484:}
        -:  485:
        -:  486:namespace {
        -:  487:
        -:  488:// When TEST_P is found without a matching INSTANTIATE_TEST_SUITE_P
        -:  489:// to creates test cases for it, a synthetic test case is
        -:  490:// inserted to report ether an error or a log message.
        -:  491://
        -:  492:// This configuration bit will likely be removed at some point.
        -:  493:constexpr bool kErrorOnUninstantiatedParameterizedTest = true;
        -:  494:constexpr bool kErrorOnUninstantiatedTypeParameterizedTest = true;
        -:  495:
        -:  496:// A test that fails at a given file/line location with a given message.
        -:  497:class FailureTest : public Test {
        -:  498: public:
    #####:  499:  explicit FailureTest(const CodeLocation& loc, std::string error_message,
        -:  500:                       bool as_error)
    #####:  501:      : loc_(loc),
    #####:  502:        error_message_(std::move(error_message)),
    #####:  503:        as_error_(as_error) {}
        -:  504:
    #####:  505:  void TestBody() override {
    #####:  506:    if (as_error_) {
    #####:  507:      AssertHelper(TestPartResult::kNonFatalFailure, loc_.file.c_str(),
    #####:  508:                   loc_.line, "") = Message() << error_message_;
        -:  509:    } else {
    #####:  510:      std::cout << error_message_ << std::endl;
        -:  511:    }
    #####:  512:  }
        -:  513:
        -:  514: private:
        -:  515:  const CodeLocation loc_;
        -:  516:  const std::string error_message_;
        -:  517:  const bool as_error_;
        -:  518:};
        -:  519:
        -:  520:}  // namespace
        -:  521:
        1:  522:std::set<std::string>* GetIgnoredParameterizedTestSuites() {
        1:  523:  return UnitTest::GetInstance()->impl()->ignored_parameterized_test_suites();
        -:  524:}
        -:  525:
        -:  526:// Add a given test_suit to the list of them allow to go un-instantiated.
    #####:  527:MarkAsIgnored::MarkAsIgnored(const char* test_suite) {
    #####:  528:  GetIgnoredParameterizedTestSuites()->insert(test_suite);
    #####:  529:}
        -:  530:
        -:  531:// If this parameterized test suite has no instantiations (and that
        -:  532:// has not been marked as okay), emit a test case reporting that.
    #####:  533:void InsertSyntheticTestCase(const std::string& name, CodeLocation location,
        -:  534:                             bool has_test_p) {
    #####:  535:  const auto& ignored = *GetIgnoredParameterizedTestSuites();
    #####:  536:  if (ignored.find(name) != ignored.end()) return;
        -:  537:
    #####:  538:  const char kMissingInstantiation[] =  //
        -:  539:      " is defined via TEST_P, but never instantiated. None of the test "
        -:  540:      "cases "
        -:  541:      "will run. Either no INSTANTIATE_TEST_SUITE_P is provided or the only "
        -:  542:      "ones provided expand to nothing."
        -:  543:      "\n\n"
        -:  544:      "Ideally, TEST_P definitions should only ever be included as part of "
        -:  545:      "binaries that intend to use them. (As opposed to, for example, being "
        -:  546:      "placed in a library that may be linked in to get other utilities.)";
        -:  547:
    #####:  548:  const char kMissingTestCase[] =  //
        -:  549:      " is instantiated via INSTANTIATE_TEST_SUITE_P, but no tests are "
        -:  550:      "defined via TEST_P . No test cases will run."
        -:  551:      "\n\n"
        -:  552:      "Ideally, INSTANTIATE_TEST_SUITE_P should only ever be invoked from "
        -:  553:      "code that always depend on code that provides TEST_P. Failing to do "
        -:  554:      "so is often an indication of dead code, e.g. the last TEST_P was "
        -:  555:      "removed but the rest got left behind.";
        -:  556:
        -:  557:  std::string message =
    #####:  558:      "Parameterized test suite " + name +
    #####:  559:      (has_test_p ? kMissingInstantiation : kMissingTestCase) +
        -:  560:      "\n\n"
        -:  561:      "To suppress this error for this test suite, insert the following line "
        -:  562:      "(in a non-header) in the namespace it is defined in:"
        -:  563:      "\n\n"
    #####:  564:      "GTEST_ALLOW_UNINSTANTIATED_PARAMETERIZED_TEST(" +
    #####:  565:      name + ");";
        -:  566:
    #####:  567:  std::string full_name = "UninstantiatedParameterizedTestSuite<" + name + ">";
    #####:  568:  RegisterTest(  //
        -:  569:      "GoogleTestVerification", full_name.c_str(),
        -:  570:      nullptr,  // No type parameter.
        -:  571:      nullptr,  // No value parameter.
    #####:  572:      location.file.c_str(), location.line, [message, location] {
    #####:  573:        return new FailureTest(location, message,
    #####:  574:                               kErrorOnUninstantiatedParameterizedTest);
        -:  575:      });
    #####:  576:}
        -:  577:
    #####:  578:void RegisterTypeParameterizedTestSuite(const char* test_suite_name,
        -:  579:                                        CodeLocation code_location) {
    #####:  580:  GetUnitTestImpl()->type_parameterized_test_registry().RegisterTestSuite(
    #####:  581:      test_suite_name, std::move(code_location));
    #####:  582:}
        -:  583:
    #####:  584:void RegisterTypeParameterizedTestSuiteInstantiation(const char* case_name) {
    #####:  585:  GetUnitTestImpl()->type_parameterized_test_registry().RegisterInstantiation(
        -:  586:      case_name);
    #####:  587:}
        -:  588:
    #####:  589:void TypeParameterizedTestSuiteRegistry::RegisterTestSuite(
        -:  590:    const char* test_suite_name, CodeLocation code_location) {
    #####:  591:  suites_.emplace(std::string(test_suite_name),
    #####:  592:                  TypeParameterizedTestSuiteInfo(std::move(code_location)));
    #####:  593:}
        -:  594:
    #####:  595:void TypeParameterizedTestSuiteRegistry::RegisterInstantiation(
        -:  596:    const char* test_suite_name) {
    #####:  597:  auto it = suites_.find(std::string(test_suite_name));
    #####:  598:  if (it != suites_.end()) {
    #####:  599:    it->second.instantiated = true;
        -:  600:  } else {
    #####:  601:    GTEST_LOG_(ERROR) << "Unknown type parameterized test suit '"
    #####:  602:                      << test_suite_name << "'";
        -:  603:  }
    #####:  604:}
        -:  605:
        1:  606:void TypeParameterizedTestSuiteRegistry::CheckForInstantiations() {
        1:  607:  const auto& ignored = *GetIgnoredParameterizedTestSuites();
       1*:  608:  for (const auto& testcase : suites_) {
    #####:  609:    if (testcase.second.instantiated) continue;
    #####:  610:    if (ignored.find(testcase.first) != ignored.end()) continue;
        -:  611:
        -:  612:    std::string message =
    #####:  613:        "Type parameterized test suite " + testcase.first +
        -:  614:        " is defined via REGISTER_TYPED_TEST_SUITE_P, but never instantiated "
        -:  615:        "via INSTANTIATE_TYPED_TEST_SUITE_P. None of the test cases will run."
        -:  616:        "\n\n"
        -:  617:        "Ideally, TYPED_TEST_P definitions should only ever be included as "
        -:  618:        "part of binaries that intend to use them. (As opposed to, for "
        -:  619:        "example, being placed in a library that may be linked in to get "
        -:  620:        "other "
        -:  621:        "utilities.)"
        -:  622:        "\n\n"
        -:  623:        "To suppress this error for this test suite, insert the following "
        -:  624:        "line "
        -:  625:        "(in a non-header) in the namespace it is defined in:"
        -:  626:        "\n\n"
    #####:  627:        "GTEST_ALLOW_UNINSTANTIATED_PARAMETERIZED_TEST(" +
    #####:  628:        testcase.first + ");";
        -:  629:
        -:  630:    std::string full_name =
    #####:  631:        "UninstantiatedTypeParameterizedTestSuite<" + testcase.first + ">";
    #####:  632:    RegisterTest(  //
        -:  633:        "GoogleTestVerification", full_name.c_str(),
        -:  634:        nullptr,  // No type parameter.
        -:  635:        nullptr,  // No value parameter.
        -:  636:        testcase.second.code_location.file.c_str(),
    #####:  637:        testcase.second.code_location.line, [message, testcase] {
    #####:  638:          return new FailureTest(testcase.second.code_location, message,
    #####:  639:                                 kErrorOnUninstantiatedTypeParameterizedTest);
        -:  640:        });
    #####:  641:  }
        1:  642:}
        -:  643:
        -:  644:// A copy of all command line arguments.  Set by InitGoogleTest().
        -:  645:static ::std::vector<std::string> g_argvs;
        -:  646:
        2:  647:::std::vector<std::string> GetArgvs() {
        -:  648:#if defined(GTEST_CUSTOM_GET_ARGVS_)
        -:  649:  // GTEST_CUSTOM_GET_ARGVS_() may return a container of std::string or
        -:  650:  // ::string. This code converts it to the appropriate type.
        -:  651:  const auto& custom = GTEST_CUSTOM_GET_ARGVS_();
        -:  652:  return ::std::vector<std::string>(custom.begin(), custom.end());
        -:  653:#else   // defined(GTEST_CUSTOM_GET_ARGVS_)
        2:  654:  return g_argvs;
        -:  655:#endif  // defined(GTEST_CUSTOM_GET_ARGVS_)
        -:  656:}
        -:  657:
        -:  658:#if GTEST_HAS_FILE_SYSTEM
        -:  659:// Returns the current application's name, removing directory path if that
        -:  660:// is present.
    #####:  661:FilePath GetCurrentExecutableName() {
    #####:  662:  FilePath result;
        -:  663:
    #####:  664:  auto args = GetArgvs();
    #####:  665:  if (!args.empty()) {
        -:  666:#if defined(GTEST_OS_WINDOWS) || defined(GTEST_OS_OS2)
    #####:  667:    result.Set(FilePath(args[0]).RemoveExtension("exe"));
        -:  668:#else
        -:  669:    result.Set(FilePath(args[0]));
        -:  670:#endif  // GTEST_OS_WINDOWS
        -:  671:  }
        -:  672:
    #####:  673:  return result.RemoveDirectoryName();
    #####:  674:}
        -:  675:#endif  // GTEST_HAS_FILE_SYSTEM
        -:  676:
        -:  677:// Functions for processing the gtest_output flag.
        -:  678:
        -:  679:// Returns the output format, or "" for normal printed output.
        1:  680:std::string UnitTestOptions::GetOutputFormat() {
        1:  681:  std::string s = GTEST_FLAG_GET(output);
        1:  682:  const char* const gtest_output_flag = s.c_str();
        1:  683:  const char* const colon = strchr(gtest_output_flag, ':');
        -:  684:  return (colon == nullptr)
        1:  685:             ? std::string(gtest_output_flag)
        -:  686:             : std::string(gtest_output_flag,
       3*:  687:                           static_cast<size_t>(colon - gtest_output_flag));
        1:  688:}
        -:  689:
        -:  690:#if GTEST_HAS_FILE_SYSTEM
        -:  691:// Returns the name of the requested output file, or the default if none
        -:  692:// was explicitly specified.
    #####:  693:std::string UnitTestOptions::GetAbsolutePathToOutputFile() {
    #####:  694:  std::string s = GTEST_FLAG_GET(output);
    #####:  695:  const char* const gtest_output_flag = s.c_str();
        -:  696:
    #####:  697:  std::string format = GetOutputFormat();
    #####:  698:  if (format.empty()) format = std::string(kDefaultOutputFormat);
        -:  699:
    #####:  700:  const char* const colon = strchr(gtest_output_flag, ':');
    #####:  701:  if (colon == nullptr)
    #####:  702:    return internal::FilePath::MakeFileName(
    #####:  703:               internal::FilePath(
        -:  704:                   UnitTest::GetInstance()->original_working_dir()),
    #####:  705:               internal::FilePath(kDefaultOutputFile), 0, format.c_str())
    #####:  706:        .string();
        -:  707:
    #####:  708:  internal::FilePath output_name(colon + 1);
    #####:  709:  if (!output_name.IsAbsolutePath())
    #####:  710:    output_name = internal::FilePath::ConcatPaths(
    #####:  711:        internal::FilePath(UnitTest::GetInstance()->original_working_dir()),
    #####:  712:        internal::FilePath(colon + 1));
        -:  713:
    #####:  714:  if (!output_name.IsDirectory()) return output_name.string();
        -:  715:
        -:  716:  internal::FilePath result(internal::FilePath::GenerateUniqueFileName(
    #####:  717:      output_name, internal::GetCurrentExecutableName(),
    #####:  718:      GetOutputFormat().c_str()));
    #####:  719:  return result.string();
    #####:  720:}
        -:  721:#endif  // GTEST_HAS_FILE_SYSTEM
        -:  722:
        -:  723:// Returns true if and only if the wildcard pattern matches the string. Each
        -:  724:// pattern consists of regular characters, single-character wildcards (?), and
        -:  725:// multi-character wildcards (*).
        -:  726://
        -:  727:// This function implements a linear-time string globbing algorithm based on
        -:  728:// https://research.swtch.com/glob.
      247:  729:static bool PatternMatchesString(const std::string& name_str,
        -:  730:                                 const char* pattern, const char* pattern_end) {
      247:  731:  const char* name = name_str.c_str();
      247:  732:  const char* const name_begin = name;
      247:  733:  const char* const name_end = name + name_str.size();
        -:  734:
      247:  735:  const char* pattern_next = pattern;
      247:  736:  const char* name_next = name;
        -:  737:
     6485:  738:  while (pattern < pattern_end || name < name_end) {
     6442:  739:    if (pattern < pattern_end) {
     5106:  740:      switch (*pattern) {
     1910:  741:        default:  // Match an ordinary character.
     1910:  742:          if (name < name_end && *name == *pattern) {
        7:  743:            ++pattern;
        7:  744:            ++name;
        7:  745:            continue;
        -:  746:          }
     1903:  747:          break;
    #####:  748:        case '?':  // Match any single character.
    #####:  749:          if (name < name_end) {
    #####:  750:            ++pattern;
    #####:  751:            ++name;
    #####:  752:            continue;
        -:  753:          }
    #####:  754:          break;
     3196:  755:        case '*':
        -:  756:          // Match zero or more characters. Start by skipping over the wildcard
        -:  757:          // and matching zero characters from name. If that fails, restart and
        -:  758:          // match one more character than the last attempt.
     3196:  759:          pattern_next = pattern;
     3196:  760:          name_next = name + 1;
     3196:  761:          ++pattern;
     3196:  762:          continue;
        -:  763:      }
        -:  764:    }
        -:  765:    // Failed to match a character. Restart if possible.
     3239:  766:    if (name_begin < name_next && name_next <= name_end) {
     3035:  767:      pattern = pattern_next;
     3035:  768:      name = name_next;
     3035:  769:      continue;
        -:  770:    }
      204:  771:    return false;
        -:  772:  }
       43:  773:  return true;
        -:  774:}
        -:  775:
        -:  776:namespace {
        -:  777:
       35:  778:bool IsGlobPattern(const std::string& pattern) {
       35:  779:  return std::any_of(pattern.begin(), pattern.end(),
       79:  780:                     [](const char c) { return c == '?' || c == '*'; });
        -:  781:}
        -:  782:
        -:  783:class UnitTestFilter {
        -:  784: public:
        2:  785:  UnitTestFilter() = default;
        -:  786:
        -:  787:  // Constructs a filter from a string of patterns separated by `:`.
       18:  788:  explicit UnitTestFilter(const std::string& filter) {
        -:  789:    // By design "" filter matches "" string.
       18:  790:    std::vector<std::string> all_patterns;
       18:  791:    SplitString(filter, ':', &all_patterns);
       18:  792:    const auto exact_match_patterns_begin = std::partition(
        -:  793:        all_patterns.begin(), all_patterns.end(), &IsGlobPattern);
        -:  794:
       36:  795:    glob_patterns_.reserve(static_cast<size_t>(
       36:  796:        std::distance(all_patterns.begin(), exact_match_patterns_begin)));
       36:  797:    std::move(all_patterns.begin(), exact_match_patterns_begin,
       18:  798:              std::inserter(glob_patterns_, glob_patterns_.begin()));
       36:  799:    std::move(
        -:  800:        exact_match_patterns_begin, all_patterns.end(),
       18:  801:        std::inserter(exact_match_patterns_, exact_match_patterns_.begin()));
       18:  802:  }
        -:  803:
        -:  804:  // Returns true if and only if name matches at least one of the patterns in
        -:  805:  // the filter.
      188:  806:  bool MatchesName(const std::string& name) const {
      376:  807:    return exact_match_patterns_.find(name) != exact_match_patterns_.end() ||
      188:  808:           std::any_of(glob_patterns_.begin(), glob_patterns_.end(),
      247:  809:                       [&name](const std::string& pattern) {
      247:  810:                         return PatternMatchesString(
        -:  811:                             name, pattern.c_str(),
      494:  812:                             pattern.c_str() + pattern.size());
      188:  813:                       });
        -:  814:  }
        -:  815:
        -:  816: private:
        -:  817:  std::vector<std::string> glob_patterns_;
        -:  818:  std::unordered_set<std::string> exact_match_patterns_;
        -:  819:};
        -:  820:
        -:  821:class PositiveAndNegativeUnitTestFilter {
        -:  822: public:
        -:  823:  // Constructs a positive and a negative filter from a string. The string
        -:  824:  // contains a positive filter optionally followed by a '-' character and a
        -:  825:  // negative filter. In case only a negative filter is provided the positive
        -:  826:  // filter will be assumed "*".
        -:  827:  // A filter is a list of patterns separated by ':'.
        1:  828:  explicit PositiveAndNegativeUnitTestFilter(const std::string& filter) {
        1:  829:    std::vector<std::string> positive_and_negative_filters;
        -:  830:
        -:  831:    // NOTE: `SplitString` always returns a non-empty container.
        1:  832:    SplitString(filter, '-', &positive_and_negative_filters);
        1:  833:    const auto& positive_filter = positive_and_negative_filters.front();
        -:  834:
        1:  835:    if (positive_and_negative_filters.size() > 1) {
    #####:  836:      positive_filter_ = UnitTestFilter(
    #####:  837:          positive_filter.empty() ? kUniversalFilter : positive_filter);
        -:  838:
        -:  839:      // TODO(b/214626361): Fail on multiple '-' characters
        -:  840:      // For the moment to preserve old behavior we concatenate the rest of the
        -:  841:      // string parts with `-` as separator to generate the negative filter.
    #####:  842:      auto negative_filter_string = positive_and_negative_filters[1];
    #####:  843:      for (std::size_t i = 2; i < positive_and_negative_filters.size(); i++)
        -:  844:        negative_filter_string =
    #####:  845:            negative_filter_string + '-' + positive_and_negative_filters[i];
    #####:  846:      negative_filter_ = UnitTestFilter(negative_filter_string);
    #####:  847:    } else {
        -:  848:      // In case we don't have a negative filter and positive filter is ""
        -:  849:      // we do not use kUniversalFilter by design as opposed to when we have a
        -:  850:      // negative filter.
        1:  851:      positive_filter_ = UnitTestFilter(positive_filter);
        -:  852:    }
        1:  853:  }
        -:  854:
        -:  855:  // Returns true if and only if test name (this is generated by appending test
        -:  856:  // suit name and test name via a '.' character) matches the positive filter
        -:  857:  // and does not match the negative filter.
       43:  858:  bool MatchesTest(const std::string& test_suite_name,
        -:  859:                   const std::string& test_name) const {
       43:  860:    return MatchesName(test_suite_name + "." + test_name);
        -:  861:  }
        -:  862:
        -:  863:  // Returns true if and only if name matches the positive filter and does not
        -:  864:  // match the negative filter.
       43:  865:  bool MatchesName(const std::string& name) const {
      86*:  866:    return positive_filter_.MatchesName(name) &&
       86:  867:           !negative_filter_.MatchesName(name);
        -:  868:  }
        -:  869:
        -:  870: private:
        -:  871:  UnitTestFilter positive_filter_;
        -:  872:  UnitTestFilter negative_filter_;
        -:  873:};
        -:  874:}  // namespace
        -:  875:
    #####:  876:bool UnitTestOptions::MatchesFilter(const std::string& name_str,
        -:  877:                                    const char* filter) {
    #####:  878:  return UnitTestFilter(filter).MatchesName(name_str);
        -:  879:}
        -:  880:
        -:  881:// Returns true if and only if the user-specified filter matches the test
        -:  882:// suite name and the test name.
    #####:  883:bool UnitTestOptions::FilterMatchesTest(const std::string& test_suite_name,
        -:  884:                                        const std::string& test_name) {
        -:  885:  // Split --gtest_filter at '-', if there is one, to separate into
        -:  886:  // positive filter and negative filter portions
    #####:  887:  return PositiveAndNegativeUnitTestFilter(GTEST_FLAG_GET(filter))
    #####:  888:      .MatchesTest(test_suite_name, test_name);
        -:  889:}
        -:  890:
        -:  891:#if GTEST_HAS_SEH
        -:  892:static std::string FormatSehExceptionMessage(DWORD exception_code,
        -:  893:                                             const char* location) {
        -:  894:  Message message;
        -:  895:  message << "SEH exception with code 0x" << std::setbase(16) << exception_code
        -:  896:          << std::setbase(10) << " thrown in " << location << ".";
        -:  897:  return message.GetString();
        -:  898:}
        -:  899:
        -:  900:int UnitTestOptions::GTestProcessSEH(DWORD seh_code, const char* location) {
        -:  901:  // Google Test should handle a SEH exception if:
        -:  902:  //   1. the user wants it to, AND
        -:  903:  //   2. this is not a breakpoint exception or stack overflow, AND
        -:  904:  //   3. this is not a C++ exception (VC++ implements them via SEH,
        -:  905:  //      apparently).
        -:  906:  //
        -:  907:  // SEH exception code for C++ exceptions.
        -:  908:  // (see https://support.microsoft.com/kb/185294 for more information).
        -:  909:  const DWORD kCxxExceptionCode = 0xe06d7363;
        -:  910:
        -:  911:  if (!GTEST_FLAG_GET(catch_exceptions) || seh_code == kCxxExceptionCode ||
        -:  912:      seh_code == EXCEPTION_BREAKPOINT ||
        -:  913:      seh_code == EXCEPTION_STACK_OVERFLOW) {
        -:  914:    return EXCEPTION_CONTINUE_SEARCH;  // Don't handle these exceptions
        -:  915:  }
        -:  916:
        -:  917:  internal::ReportFailureInUnknownLocation(
        -:  918:      TestPartResult::kFatalFailure,
        -:  919:      FormatSehExceptionMessage(seh_code, location) +
        -:  920:          "\n"
        -:  921:          "Stack trace:\n" +
        -:  922:          ::testing::internal::GetCurrentOsStackTraceExceptTop(1));
        -:  923:
        -:  924:  return EXCEPTION_EXECUTE_HANDLER;
        -:  925:}
        -:  926:#endif  // GTEST_HAS_SEH
        -:  927:
        -:  928:}  // namespace internal
        -:  929:
        -:  930:// The c'tor sets this object as the test part result reporter used by
        -:  931:// Google Test.  The 'result' parameter specifies where to report the
        -:  932:// results. Intercepts only failures from the current thread.
    #####:  933:ScopedFakeTestPartResultReporter::ScopedFakeTestPartResultReporter(
    #####:  934:    TestPartResultArray* result)
    #####:  935:    : intercept_mode_(INTERCEPT_ONLY_CURRENT_THREAD), result_(result) {
    #####:  936:  Init();
    #####:  937:}
        -:  938:
        -:  939:// The c'tor sets this object as the test part result reporter used by
        -:  940:// Google Test.  The 'result' parameter specifies where to report the
        -:  941:// results.
    #####:  942:ScopedFakeTestPartResultReporter::ScopedFakeTestPartResultReporter(
    #####:  943:    InterceptMode intercept_mode, TestPartResultArray* result)
    #####:  944:    : intercept_mode_(intercept_mode), result_(result) {
    #####:  945:  Init();
    #####:  946:}
        -:  947:
    #####:  948:void ScopedFakeTestPartResultReporter::Init() {
    #####:  949:  internal::UnitTestImpl* const impl = internal::GetUnitTestImpl();
    #####:  950:  if (intercept_mode_ == INTERCEPT_ALL_THREADS) {
    #####:  951:    old_reporter_ = impl->GetGlobalTestPartResultReporter();
    #####:  952:    impl->SetGlobalTestPartResultReporter(this);
        -:  953:  } else {
    #####:  954:    old_reporter_ = impl->GetTestPartResultReporterForCurrentThread();
    #####:  955:    impl->SetTestPartResultReporterForCurrentThread(this);
        -:  956:  }
    #####:  957:}
        -:  958:
        -:  959:// The d'tor restores the test part result reporter used by Google Test
        -:  960:// before.
    #####:  961:ScopedFakeTestPartResultReporter::~ScopedFakeTestPartResultReporter() {
    #####:  962:  internal::UnitTestImpl* const impl = internal::GetUnitTestImpl();
    #####:  963:  if (intercept_mode_ == INTERCEPT_ALL_THREADS) {
    #####:  964:    impl->SetGlobalTestPartResultReporter(old_reporter_);
        -:  965:  } else {
    #####:  966:    impl->SetTestPartResultReporterForCurrentThread(old_reporter_);
        -:  967:  }
    #####:  968:}
------------------
_ZN7testing32ScopedFakeTestPartResultReporterD0Ev:
    #####:  961:ScopedFakeTestPartResultReporter::~ScopedFakeTestPartResultReporter() {
        -:  962:  internal::UnitTestImpl* const impl = internal::GetUnitTestImpl();
        -:  963:  if (intercept_mode_ == INTERCEPT_ALL_THREADS) {
        -:  964:    impl->SetGlobalTestPartResultReporter(old_reporter_);
        -:  965:  } else {
        -:  966:    impl->SetTestPartResultReporterForCurrentThread(old_reporter_);
        -:  967:  }
    #####:  968:}
------------------
_ZN7testing32ScopedFakeTestPartResultReporterD2Ev:
    #####:  961:ScopedFakeTestPartResultReporter::~ScopedFakeTestPartResultReporter() {
    #####:  962:  internal::UnitTestImpl* const impl = internal::GetUnitTestImpl();
    #####:  963:  if (intercept_mode_ == INTERCEPT_ALL_THREADS) {
    #####:  964:    impl->SetGlobalTestPartResultReporter(old_reporter_);
        -:  965:  } else {
    #####:  966:    impl->SetTestPartResultReporterForCurrentThread(old_reporter_);
        -:  967:  }
    #####:  968:}
------------------
        -:  969:
        -:  970:// Increments the test part result count and remembers the result.
        -:  971:// This method is from the TestPartResultReporterInterface interface.
    #####:  972:void ScopedFakeTestPartResultReporter::ReportTestPartResult(
        -:  973:    const TestPartResult& result) {
    #####:  974:  result_->Append(result);
    #####:  975:}
        -:  976:
        -:  977:namespace internal {
        -:  978:
        -:  979:// Returns the type ID of ::testing::Test.  We should always call this
        -:  980:// instead of GetTypeId< ::testing::Test>() to get the type ID of
        -:  981:// testing::Test.  This is to work around a suspected linker bug when
        -:  982:// using Google Test as a framework on Mac OS X.  The bug causes
        -:  983:// GetTypeId< ::testing::Test>() to return different values depending
        -:  984:// on whether the call is from the Google Test framework itself or
        -:  985:// from user test code.  GetTestTypeId() is guaranteed to always
        -:  986:// return the same value, as it always calls GetTypeId<>() from the
        -:  987:// gtest.cc, which is within the Google Test framework.
       44:  988:TypeId GetTestTypeId() { return GetTypeId<Test>(); }
        -:  989:
        -:  990:// The value of GetTestTypeId() as seen from within the Google Test
        -:  991:// library.  This is solely for testing GetTestTypeId().
        -:  992:extern const TypeId kTestTypeIdInGoogleTest = GetTestTypeId();
        -:  993:
        -:  994:// This predicate-formatter checks that 'results' contains a test part
        -:  995:// failure of the given type and that the failure message contains the
        -:  996:// given substring.
    #####:  997:static AssertionResult HasOneFailure(const char* /* results_expr */,
        -:  998:                                     const char* /* type_expr */,
        -:  999:                                     const char* /* substr_expr */,
        -: 1000:                                     const TestPartResultArray& results,
        -: 1001:                                     TestPartResult::Type type,
        -: 1002:                                     const std::string& substr) {
        -: 1003:  const std::string expected(type == TestPartResult::kFatalFailure
        -: 1004:                                 ? "1 fatal failure"
    #####: 1005:                                 : "1 non-fatal failure");
    #####: 1006:  Message msg;
    #####: 1007:  if (results.size() != 1) {
    #####: 1008:    msg << "Expected: " << expected << "\n"
    #####: 1009:        << "  Actual: " << results.size() << " failures";
    #####: 1010:    for (int i = 0; i < results.size(); i++) {
    #####: 1011:      msg << "\n" << results.GetTestPartResult(i);
        -: 1012:    }
    #####: 1013:    return AssertionFailure() << msg;
        -: 1014:  }
        -: 1015:
    #####: 1016:  const TestPartResult& r = results.GetTestPartResult(0);
    #####: 1017:  if (r.type() != type) {
    #####: 1018:    return AssertionFailure() << "Expected: " << expected << "\n"
    #####: 1019:                              << "  Actual:\n"
    #####: 1020:                              << r;
        -: 1021:  }
        -: 1022:
    #####: 1023:  if (strstr(r.message(), substr.c_str()) == nullptr) {
    #####: 1024:    return AssertionFailure()
    #####: 1025:           << "Expected: " << expected << " containing \"" << substr << "\"\n"
    #####: 1026:           << "  Actual:\n"
    #####: 1027:           << r;
        -: 1028:  }
        -: 1029:
    #####: 1030:  return AssertionSuccess();
    #####: 1031:}
        -: 1032:
        -: 1033:// The constructor of SingleFailureChecker remembers where to look up
        -: 1034:// test part results, what type of failure we expect, and what
        -: 1035:// substring the failure message should contain.
    #####: 1036:SingleFailureChecker::SingleFailureChecker(const TestPartResultArray* results,
        -: 1037:                                           TestPartResult::Type type,
    #####: 1038:                                           const std::string& substr)
    #####: 1039:    : results_(results), type_(type), substr_(substr) {}
        -: 1040:
        -: 1041:// The destructor of SingleFailureChecker verifies that the given
        -: 1042:// TestPartResultArray contains exactly one failure that has the given
        -: 1043:// type and contains the given substring.  If that's not the case, a
        -: 1044:// non-fatal failure will be generated.
    #####: 1045:SingleFailureChecker::~SingleFailureChecker() {
    #####: 1046:  EXPECT_PRED_FORMAT3(HasOneFailure, *results_, type_, substr_);
    #####: 1047:}
        -: 1048:
        1: 1049:DefaultGlobalTestPartResultReporter::DefaultGlobalTestPartResultReporter(
        1: 1050:    UnitTestImpl* unit_test)
        1: 1051:    : unit_test_(unit_test) {}
        -: 1052:
    #####: 1053:void DefaultGlobalTestPartResultReporter::ReportTestPartResult(
        -: 1054:    const TestPartResult& result) {
    #####: 1055:  unit_test_->current_test_result()->AddTestPartResult(result);
    #####: 1056:  unit_test_->listeners()->repeater()->OnTestPartResult(result);
    #####: 1057:}
        -: 1058:
        1: 1059:DefaultPerThreadTestPartResultReporter::DefaultPerThreadTestPartResultReporter(
        1: 1060:    UnitTestImpl* unit_test)
        1: 1061:    : unit_test_(unit_test) {}
        -: 1062:
    #####: 1063:void DefaultPerThreadTestPartResultReporter::ReportTestPartResult(
        -: 1064:    const TestPartResult& result) {
    #####: 1065:  unit_test_->GetGlobalTestPartResultReporter()->ReportTestPartResult(result);
    #####: 1066:}
        -: 1067:
        -: 1068:// Returns the global test part result reporter.
        -: 1069:TestPartResultReporterInterface*
    #####: 1070:UnitTestImpl::GetGlobalTestPartResultReporter() {
    #####: 1071:  internal::MutexLock lock(&global_test_part_result_reporter_mutex_);
    #####: 1072:  return global_test_part_result_reporter_;
    #####: 1073:}
        -: 1074:
        -: 1075:// Sets the global test part result reporter.
    #####: 1076:void UnitTestImpl::SetGlobalTestPartResultReporter(
        -: 1077:    TestPartResultReporterInterface* reporter) {
    #####: 1078:  internal::MutexLock lock(&global_test_part_result_reporter_mutex_);
    #####: 1079:  global_test_part_result_reporter_ = reporter;
    #####: 1080:}
        -: 1081:
        -: 1082:// Returns the test part result reporter for the current thread.
        -: 1083:TestPartResultReporterInterface*
    #####: 1084:UnitTestImpl::GetTestPartResultReporterForCurrentThread() {
    #####: 1085:  return per_thread_test_part_result_reporter_.get();
        -: 1086:}
        -: 1087:
        -: 1088:// Sets the test part result reporter for the current thread.
    #####: 1089:void UnitTestImpl::SetTestPartResultReporterForCurrentThread(
        -: 1090:    TestPartResultReporterInterface* reporter) {
    #####: 1091:  per_thread_test_part_result_reporter_.set(reporter);
    #####: 1092:}
        -: 1093:
        -: 1094:// Gets the number of successful test suites.
    #####: 1095:int UnitTestImpl::successful_test_suite_count() const {
    #####: 1096:  return CountIf(test_suites_, TestSuitePassed);
        -: 1097:}
        -: 1098:
        -: 1099:// Gets the number of failed test suites.
        2: 1100:int UnitTestImpl::failed_test_suite_count() const {
        2: 1101:  return CountIf(test_suites_, TestSuiteFailed);
        -: 1102:}
        -: 1103:
        -: 1104:// Gets the number of all test suites.
       17: 1105:int UnitTestImpl::total_test_suite_count() const {
       17: 1106:  return static_cast<int>(test_suites_.size());
        -: 1107:}
        -: 1108:
        -: 1109:// Gets the number of all test suites that contain at least one test
        -: 1110:// that should run.
        2: 1111:int UnitTestImpl::test_suite_to_run_count() const {
        2: 1112:  return CountIf(test_suites_, ShouldRunTestSuite);
        -: 1113:}
        -: 1114:
        -: 1115:// Gets the number of successful tests.
        1: 1116:int UnitTestImpl::successful_test_count() const {
        1: 1117:  return SumOverTestSuiteList(test_suites_, &TestSuite::successful_test_count);
        -: 1118:}
        -: 1119:
        -: 1120:// Gets the number of skipped tests.
        1: 1121:int UnitTestImpl::skipped_test_count() const {
        1: 1122:  return SumOverTestSuiteList(test_suites_, &TestSuite::skipped_test_count);
        -: 1123:}
        -: 1124:
        -: 1125:// Gets the number of failed tests.
    #####: 1126:int UnitTestImpl::failed_test_count() const {
    #####: 1127:  return SumOverTestSuiteList(test_suites_, &TestSuite::failed_test_count);
        -: 1128:}
        -: 1129:
        -: 1130:// Gets the number of disabled tests that will be reported in the XML report.
        1: 1131:int UnitTestImpl::reportable_disabled_test_count() const {
        1: 1132:  return SumOverTestSuiteList(test_suites_,
        1: 1133:                              &TestSuite::reportable_disabled_test_count);
        -: 1134:}
        -: 1135:
        -: 1136:// Gets the number of disabled tests.
    #####: 1137:int UnitTestImpl::disabled_test_count() const {
    #####: 1138:  return SumOverTestSuiteList(test_suites_, &TestSuite::disabled_test_count);
        -: 1139:}
        -: 1140:
        -: 1141:// Gets the number of tests to be printed in the XML report.
    #####: 1142:int UnitTestImpl::reportable_test_count() const {
    #####: 1143:  return SumOverTestSuiteList(test_suites_, &TestSuite::reportable_test_count);
        -: 1144:}
        -: 1145:
        -: 1146:// Gets the number of all tests.
    #####: 1147:int UnitTestImpl::total_test_count() const {
    #####: 1148:  return SumOverTestSuiteList(test_suites_, &TestSuite::total_test_count);
        -: 1149:}
        -: 1150:
        -: 1151:// Gets the number of tests that should run.
        2: 1152:int UnitTestImpl::test_to_run_count() const {
        2: 1153:  return SumOverTestSuiteList(test_suites_, &TestSuite::test_to_run_count);
        -: 1154:}
        -: 1155:
        -: 1156:// Returns the current OS stack trace as an std::string.
        -: 1157://
        -: 1158:// The maximum number of stack frames to be included is specified by
        -: 1159:// the gtest_stack_trace_depth flag.  The skip_count parameter
        -: 1160:// specifies the number of top frames to be skipped, which doesn't
        -: 1161:// count against the number of frames to be included.
        -: 1162://
        -: 1163:// For example, if Foo() calls Bar(), which in turn calls
        -: 1164:// CurrentOsStackTraceExceptTop(1), Foo() will be included in the
        -: 1165:// trace but Bar() and CurrentOsStackTraceExceptTop() won't.
    #####: 1166:std::string UnitTestImpl::CurrentOsStackTraceExceptTop(int skip_count) {
    #####: 1167:  return os_stack_trace_getter()->CurrentStackTrace(
        -: 1168:      static_cast<int>(GTEST_FLAG_GET(stack_trace_depth)), skip_count + 1
        -: 1169:      // Skips the user-specified number of frames plus this function
        -: 1170:      // itself.
    #####: 1171:  );  // NOLINT
        -: 1172:}
        -: 1173:
        -: 1174:// A helper class for measuring elapsed times.
        -: 1175:class Timer {
        -: 1176: public:
       60: 1177:  Timer() : start_(clock::now()) {}
        -: 1178:
        -: 1179:  // Return time elapsed in milliseconds since the timer was created.
       60: 1180:  TimeInMillis Elapsed() {
      120: 1181:    return std::chrono::duration_cast<std::chrono::milliseconds>(clock::now() -
       60: 1182:                                                                 start_)
      120: 1183:        .count();
        -: 1184:  }
        -: 1185:
        -: 1186: private:
        -: 1187:  // Fall back to the system_clock when building with newlib on a system
        -: 1188:  // without a monotonic clock.
        -: 1189:#if defined(_NEWLIB_VERSION) && !defined(CLOCK_MONOTONIC)
        -: 1190:  using clock = std::chrono::system_clock;
        -: 1191:#else
        -: 1192:  using clock = std::chrono::steady_clock;
        -: 1193:#endif
        -: 1194:  clock::time_point start_;
        -: 1195:};
        -: 1196:
        -: 1197:// Returns a timestamp as milliseconds since the epoch. Note this time may jump
        -: 1198:// around subject to adjustments by the system, to measure elapsed time use
        -: 1199:// Timer instead.
       61: 1200:TimeInMillis GetTimeInMillis() {
       61: 1201:  return std::chrono::duration_cast<std::chrono::milliseconds>(
       61: 1202:             std::chrono::system_clock::now() -
      183: 1203:             std::chrono::system_clock::from_time_t(0))
      122: 1204:      .count();
        -: 1205:}
        -: 1206:
        -: 1207:// Utilities
        -: 1208:
        -: 1209:// class String.
        -: 1210:
        -: 1211:#ifdef GTEST_OS_WINDOWS_MOBILE
        -: 1212:// Creates a UTF-16 wide string from the given ANSI string, allocating
        -: 1213:// memory using new. The caller is responsible for deleting the return
        -: 1214:// value using delete[]. Returns the wide string, or NULL if the
        -: 1215:// input is NULL.
        -: 1216:LPCWSTR String::AnsiToUtf16(const char* ansi) {
        -: 1217:  if (!ansi) return nullptr;
        -: 1218:  const int length = strlen(ansi);
        -: 1219:  const int unicode_length =
        -: 1220:      MultiByteToWideChar(CP_ACP, 0, ansi, length, nullptr, 0);
        -: 1221:  WCHAR* unicode = new WCHAR[unicode_length + 1];
        -: 1222:  MultiByteToWideChar(CP_ACP, 0, ansi, length, unicode, unicode_length);
        -: 1223:  unicode[unicode_length] = 0;
        -: 1224:  return unicode;
        -: 1225:}
        -: 1226:
        -: 1227:// Creates an ANSI string from the given wide string, allocating
        -: 1228:// memory using new. The caller is responsible for deleting the return
        -: 1229:// value using delete[]. Returns the ANSI string, or NULL if the
        -: 1230:// input is NULL.
        -: 1231:const char* String::Utf16ToAnsi(LPCWSTR utf16_str) {
        -: 1232:  if (!utf16_str) return nullptr;
        -: 1233:  const int ansi_length = WideCharToMultiByte(CP_ACP, 0, utf16_str, -1, nullptr,
        -: 1234:                                              0, nullptr, nullptr);
        -: 1235:  char* ansi = new char[ansi_length + 1];
        -: 1236:  WideCharToMultiByte(CP_ACP, 0, utf16_str, -1, ansi, ansi_length, nullptr,
        -: 1237:                      nullptr);
        -: 1238:  ansi[ansi_length] = 0;
        -: 1239:  return ansi;
        -: 1240:}
        -: 1241:
        -: 1242:#endif  // GTEST_OS_WINDOWS_MOBILE
        -: 1243:
        -: 1244:// Compares two C strings.  Returns true if and only if they have the same
        -: 1245:// content.
        -: 1246://
        -: 1247:// Unlike strcmp(), this function can handle NULL argument(s).  A NULL
        -: 1248:// C string is considered different to any non-NULL C string,
        -: 1249:// including the empty string.
        2: 1250:bool String::CStringEquals(const char* lhs, const char* rhs) {
       2*: 1251:  if (lhs == nullptr) return rhs == nullptr;
        -: 1252:
       2*: 1253:  if (rhs == nullptr) return false;
        -: 1254:
        2: 1255:  return strcmp(lhs, rhs) == 0;
        -: 1256:}
        -: 1257:
        -: 1258:#if GTEST_HAS_STD_WSTRING
        -: 1259:
        -: 1260:// Converts an array of wide chars to a narrow string using the UTF-8
        -: 1261:// encoding, and streams the result to the given Message object.
    #####: 1262:static void StreamWideCharsToMessage(const wchar_t* wstr, size_t length,
        -: 1263:                                     Message* msg) {
    #####: 1264:  for (size_t i = 0; i != length;) {  // NOLINT
    #####: 1265:    if (wstr[i] != L'\0') {
    #####: 1266:      *msg << WideStringToUtf8(wstr + i, static_cast<int>(length - i));
    #####: 1267:      while (i != length && wstr[i] != L'\0') i++;
        -: 1268:    } else {
    #####: 1269:      *msg << '\0';
    #####: 1270:      i++;
        -: 1271:    }
        -: 1272:  }
    #####: 1273:}
        -: 1274:
        -: 1275:#endif  // GTEST_HAS_STD_WSTRING
        -: 1276:
       19: 1277:void SplitString(const ::std::string& str, char delimiter,
        -: 1278:                 ::std::vector< ::std::string>* dest) {
       19: 1279:  ::std::vector< ::std::string> parsed;
       19: 1280:  ::std::string::size_type pos = 0;
       36: 1281:  while (::testing::internal::AlwaysTrue()) {
       36: 1282:    const ::std::string::size_type colon = str.find(delimiter, pos);
       36: 1283:    if (colon == ::std::string::npos) {
       19: 1284:      parsed.push_back(str.substr(pos));
       19: 1285:      break;
        -: 1286:    } else {
       17: 1287:      parsed.push_back(str.substr(pos, colon - pos));
       17: 1288:      pos = colon + 1;
        -: 1289:    }
        -: 1290:  }
       19: 1291:  dest->swap(parsed);
       19: 1292:}
        -: 1293:
        -: 1294:}  // namespace internal
        -: 1295:
        -: 1296:// Constructs an empty Message.
        -: 1297:// We allocate the stringstream separately because otherwise each use of
        -: 1298:// ASSERT/EXPECT in a procedure adds over 200 bytes to the procedure's
        -: 1299:// stack frame leading to huge stack frames in some cases; gcc does not reuse
        -: 1300:// the stack space.
      142: 1301:Message::Message() : ss_(new ::std::stringstream) {
        -: 1302:  // By default, we want there to be enough precision when printing
        -: 1303:  // a double to a Message.
      142: 1304:  *ss_ << std::setprecision(std::numeric_limits<double>::digits10 + 2);
      142: 1305:}
        -: 1306:
        -: 1307:// These two overloads allow streaming a wide C string to a Message
        -: 1308:// using the UTF-8 encoding.
    #####: 1309:Message& Message::operator<<(const wchar_t* wide_c_str) {
    #####: 1310:  return *this << internal::String::ShowWideCString(wide_c_str);
        -: 1311:}
    #####: 1312:Message& Message::operator<<(wchar_t* wide_c_str) {
    #####: 1313:  return *this << internal::String::ShowWideCString(wide_c_str);
        -: 1314:}
        -: 1315:
        -: 1316:#if GTEST_HAS_STD_WSTRING
        -: 1317:// Converts the given wide string to a narrow string using the UTF-8
        -: 1318:// encoding, and streams the result to this Message object.
    #####: 1319:Message& Message::operator<<(const ::std::wstring& wstr) {
    #####: 1320:  internal::StreamWideCharsToMessage(wstr.c_str(), wstr.length(), this);
    #####: 1321:  return *this;
        -: 1322:}
        -: 1323:#endif  // GTEST_HAS_STD_WSTRING
        -: 1324:
        -: 1325:// Gets the text streamed to this object so far as an std::string.
        -: 1326:// Each '\0' character in the buffer is replaced with "\\0".
      142: 1327:std::string Message::GetString() const {
      142: 1328:  return internal::StringStreamToString(ss_.get());
        -: 1329:}
        -: 1330:
        -: 1331:namespace internal {
        -: 1332:
        -: 1333:namespace edit_distance {
    #####: 1334:std::vector<EditType> CalculateOptimalEdits(const std::vector<size_t>& left,
        -: 1335:                                            const std::vector<size_t>& right) {
        -: 1336:  std::vector<std::vector<double> > costs(
    #####: 1337:      left.size() + 1, std::vector<double>(right.size() + 1));
        -: 1338:  std::vector<std::vector<EditType> > best_move(
    #####: 1339:      left.size() + 1, std::vector<EditType>(right.size() + 1));
        -: 1340:
        -: 1341:  // Populate for empty right.
    #####: 1342:  for (size_t l_i = 0; l_i < costs.size(); ++l_i) {
    #####: 1343:    costs[l_i][0] = static_cast<double>(l_i);
    #####: 1344:    best_move[l_i][0] = kRemove;
        -: 1345:  }
        -: 1346:  // Populate for empty left.
    #####: 1347:  for (size_t r_i = 1; r_i < costs[0].size(); ++r_i) {
    #####: 1348:    costs[0][r_i] = static_cast<double>(r_i);
    #####: 1349:    best_move[0][r_i] = kAdd;
        -: 1350:  }
        -: 1351:
    #####: 1352:  for (size_t l_i = 0; l_i < left.size(); ++l_i) {
    #####: 1353:    for (size_t r_i = 0; r_i < right.size(); ++r_i) {
    #####: 1354:      if (left[l_i] == right[r_i]) {
        -: 1355:        // Found a match. Consume it.
    #####: 1356:        costs[l_i + 1][r_i + 1] = costs[l_i][r_i];
    #####: 1357:        best_move[l_i + 1][r_i + 1] = kMatch;
    #####: 1358:        continue;
        -: 1359:      }
        -: 1360:
    #####: 1361:      const double add = costs[l_i + 1][r_i];
    #####: 1362:      const double remove = costs[l_i][r_i + 1];
    #####: 1363:      const double replace = costs[l_i][r_i];
    #####: 1364:      if (add < remove && add < replace) {
    #####: 1365:        costs[l_i + 1][r_i + 1] = add + 1;
    #####: 1366:        best_move[l_i + 1][r_i + 1] = kAdd;
    #####: 1367:      } else if (remove < add && remove < replace) {
    #####: 1368:        costs[l_i + 1][r_i + 1] = remove + 1;
    #####: 1369:        best_move[l_i + 1][r_i + 1] = kRemove;
        -: 1370:      } else {
        -: 1371:        // We make replace a little more expensive than add/remove to lower
        -: 1372:        // their priority.
    #####: 1373:        costs[l_i + 1][r_i + 1] = replace + 1.00001;
    #####: 1374:        best_move[l_i + 1][r_i + 1] = kReplace;
        -: 1375:      }
        -: 1376:    }
        -: 1377:  }
        -: 1378:
        -: 1379:  // Reconstruct the best path. We do it in reverse order.
    #####: 1380:  std::vector<EditType> best_path;
    #####: 1381:  for (size_t l_i = left.size(), r_i = right.size(); l_i > 0 || r_i > 0;) {
    #####: 1382:    EditType move = best_move[l_i][r_i];
    #####: 1383:    best_path.push_back(move);
    #####: 1384:    l_i -= move != kAdd;
    #####: 1385:    r_i -= move != kRemove;
        -: 1386:  }
    #####: 1387:  std::reverse(best_path.begin(), best_path.end());
    #####: 1388:  return best_path;
    #####: 1389:}
        -: 1390:
        -: 1391:namespace {
        -: 1392:
        -: 1393:// Helper class to convert string into ids with deduplication.
        -: 1394:class InternalStrings {
        -: 1395: public:
    #####: 1396:  size_t GetId(const std::string& str) {
    #####: 1397:    IdMap::iterator it = ids_.find(str);
    #####: 1398:    if (it != ids_.end()) return it->second;
    #####: 1399:    size_t id = ids_.size();
    #####: 1400:    return ids_[str] = id;
        -: 1401:  }
        -: 1402:
        -: 1403: private:
        -: 1404:  typedef std::map<std::string, size_t> IdMap;
        -: 1405:  IdMap ids_;
        -: 1406:};
        -: 1407:
        -: 1408:}  // namespace
        -: 1409:
    #####: 1410:std::vector<EditType> CalculateOptimalEdits(
        -: 1411:    const std::vector<std::string>& left,
        -: 1412:    const std::vector<std::string>& right) {
    #####: 1413:  std::vector<size_t> left_ids, right_ids;
        -: 1414:  {
    #####: 1415:    InternalStrings intern_table;
    #####: 1416:    for (size_t i = 0; i < left.size(); ++i) {
    #####: 1417:      left_ids.push_back(intern_table.GetId(left[i]));
        -: 1418:    }
    #####: 1419:    for (size_t i = 0; i < right.size(); ++i) {
    #####: 1420:      right_ids.push_back(intern_table.GetId(right[i]));
        -: 1421:    }
    #####: 1422:  }
    #####: 1423:  return CalculateOptimalEdits(left_ids, right_ids);
    #####: 1424:}
        -: 1425:
        -: 1426:namespace {
        -: 1427:
        -: 1428:// Helper class that holds the state for one hunk and prints it out to the
        -: 1429:// stream.
        -: 1430:// It reorders adds/removes when possible to group all removes before all
        -: 1431:// adds. It also adds the hunk header before printint into the stream.
        -: 1432:class Hunk {
        -: 1433: public:
    #####: 1434:  Hunk(size_t left_start, size_t right_start)
    #####: 1435:      : left_start_(left_start),
    #####: 1436:        right_start_(right_start),
    #####: 1437:        adds_(),
    #####: 1438:        removes_(),
    #####: 1439:        common_() {}
        -: 1440:
    #####: 1441:  void PushLine(char edit, const char* line) {
    #####: 1442:    switch (edit) {
    #####: 1443:      case ' ':
    #####: 1444:        ++common_;
    #####: 1445:        FlushEdits();
    #####: 1446:        hunk_.push_back(std::make_pair(' ', line));
    #####: 1447:        break;
    #####: 1448:      case '-':
    #####: 1449:        ++removes_;
    #####: 1450:        hunk_removes_.push_back(std::make_pair('-', line));
    #####: 1451:        break;
    #####: 1452:      case '+':
    #####: 1453:        ++adds_;
    #####: 1454:        hunk_adds_.push_back(std::make_pair('+', line));
    #####: 1455:        break;
        -: 1456:    }
    #####: 1457:  }
        -: 1458:
    #####: 1459:  void PrintTo(std::ostream* os) {
    #####: 1460:    PrintHeader(os);
    #####: 1461:    FlushEdits();
    #####: 1462:    for (std::list<std::pair<char, const char*> >::const_iterator it =
    #####: 1463:             hunk_.begin();
    #####: 1464:         it != hunk_.end(); ++it) {
    #####: 1465:      *os << it->first << it->second << "\n";
        -: 1466:    }
    #####: 1467:  }
        -: 1468:
    #####: 1469:  bool has_edits() const { return adds_ || removes_; }
        -: 1470:
        -: 1471: private:
    #####: 1472:  void FlushEdits() {
    #####: 1473:    hunk_.splice(hunk_.end(), hunk_removes_);
    #####: 1474:    hunk_.splice(hunk_.end(), hunk_adds_);
    #####: 1475:  }
        -: 1476:
        -: 1477:  // Print a unified diff header for one hunk.
        -: 1478:  // The format is
        -: 1479:  //   "@@ -<left_start>,<left_length> +<right_start>,<right_length> @@"
        -: 1480:  // where the left/right parts are omitted if unnecessary.
    #####: 1481:  void PrintHeader(std::ostream* ss) const {
    #####: 1482:    *ss << "@@ ";
    #####: 1483:    if (removes_) {
    #####: 1484:      *ss << "-" << left_start_ << "," << (removes_ + common_);
        -: 1485:    }
    #####: 1486:    if (removes_ && adds_) {
    #####: 1487:      *ss << " ";
        -: 1488:    }
    #####: 1489:    if (adds_) {
    #####: 1490:      *ss << "+" << right_start_ << "," << (adds_ + common_);
        -: 1491:    }
    #####: 1492:    *ss << " @@\n";
    #####: 1493:  }
        -: 1494:
        -: 1495:  size_t left_start_, right_start_;
        -: 1496:  size_t adds_, removes_, common_;
        -: 1497:  std::list<std::pair<char, const char*> > hunk_, hunk_adds_, hunk_removes_;
        -: 1498:};
        -: 1499:
        -: 1500:}  // namespace
        -: 1501:
        -: 1502:// Create a list of diff hunks in Unified diff format.
[...]
       1*: 6707:      for (int j = i + 1; j < *argc; ++j) {
    #####: 6708:        argv[j - 1] = argv[j];
        -: 6709:      }
        -: 6710:
        -: 6711:      // Decrements the argument count.
       1*: 6712:      (*argc)--;
        -: 6713:
        -: 6714:      // Terminate the array with nullptr.
       1*: 6715:      argv[*argc] = nullptr;
        -: 6716:
        -: 6717:      // We also need to decrement the iterator as we just removed
        -: 6718:      // an element.
       1*: 6719:      i--;
        -: 6720:    }
        -: 6721:  }
        -: 6722:
       1*: 6723:  if (g_help_flag) {
        -: 6724:    // We print the help here instead of in RUN_ALL_TESTS(), as the
        -: 6725:    // latter may not be called at all if the user is using Google
        -: 6726:    // Test with another testing framework.
    #####: 6727:    PrintColorEncoded(kColorEncodedHelpMessage);
        -: 6728:  }
       1*: 6729:}
------------------
_ZN7testing8internal28ParseGoogleTestFlagsOnlyImplIwEEvPiPPT_:
    #####: 6682:void ParseGoogleTestFlagsOnlyImpl(int* argc, CharType** argv) {
    #####: 6683:  std::string flagfile_value;
    #####: 6684:  for (int i = 1; i < *argc; i++) {
    #####: 6685:    const std::string arg_string = StreamableToString(argv[i]);
    #####: 6686:    const char* const arg = arg_string.c_str();
        -: 6687:
        -: 6688:    using internal::ParseFlag;
        -: 6689:
    #####: 6690:    bool remove_flag = false;
    #####: 6691:    if (ParseGoogleTestFlag(arg)) {
    #####: 6692:      remove_flag = true;
        -: 6693:#if GTEST_USE_OWN_FLAGFILE_FLAG_ && GTEST_HAS_FILE_SYSTEM
    #####: 6694:    } else if (ParseFlag(arg, "flagfile", &flagfile_value)) {
    #####: 6695:      GTEST_FLAG_SET(flagfile, flagfile_value);
    #####: 6696:      LoadFlagsFromFile(flagfile_value);
    #####: 6697:      remove_flag = true;
        -: 6698:#endif  // GTEST_USE_OWN_FLAGFILE_FLAG_ && GTEST_HAS_FILE_SYSTEM
    #####: 6699:    } else if (arg_string == "--help" || HasGoogleTestFlagPrefix(arg)) {
        -: 6700:      // Both help flag and unrecognized Google Test flags (excluding
        -: 6701:      // internal ones) trigger help display.
    #####: 6702:      g_help_flag = true;
        -: 6703:    }
        -: 6704:
    #####: 6705:    if (remove_flag) {
        -: 6706:      // Shift the remainder of the argv list left by one.
    #####: 6707:      for (int j = i + 1; j < *argc; ++j) {
    #####: 6708:        argv[j - 1] = argv[j];
        -: 6709:      }
        -: 6710:
        -: 6711:      // Decrements the argument count.
    #####: 6712:      (*argc)--;
        -: 6713:
        -: 6714:      // Terminate the array with nullptr.
    #####: 6715:      argv[*argc] = nullptr;
        -: 6716:
        -: 6717:      // We also need to decrement the iterator as we just removed
        -: 6718:      // an element.
    #####: 6719:      i--;
        -: 6720:    }
        -: 6721:  }
        -: 6722:
    #####: 6723:  if (g_help_flag) {
        -: 6724:    // We print the help here instead of in RUN_ALL_TESTS(), as the
        -: 6725:    // latter may not be called at all if the user is using Google
        -: 6726:    // Test with another testing framework.
    #####: 6727:    PrintColorEncoded(kColorEncodedHelpMessage);
        -: 6728:  }
    #####: 6729:}
------------------
_ZN7testing8internal28ParseGoogleTestFlagsOnlyImplIcEEvPiPPT_:
        1: 6682:void ParseGoogleTestFlagsOnlyImpl(int* argc, CharType** argv) {
        1: 6683:  std::string flagfile_value;
        2: 6684:  for (int i = 1; i < *argc; i++) {
        1: 6685:    const std::string arg_string = StreamableToString(argv[i]);
        1: 6686:    const char* const arg = arg_string.c_str();
        -: 6687:
        -: 6688:    using internal::ParseFlag;
        -: 6689:
        1: 6690:    bool remove_flag = false;
        1: 6691:    if (ParseGoogleTestFlag(arg)) {
        1: 6692:      remove_flag = true;
        -: 6693:#if GTEST_USE_OWN_FLAGFILE_FLAG_ && GTEST_HAS_FILE_SYSTEM
    #####: 6694:    } else if (ParseFlag(arg, "flagfile", &flagfile_value)) {
    #####: 6695:      GTEST_FLAG_SET(flagfile, flagfile_value);
    #####: 6696:      LoadFlagsFromFile(flagfile_value);
    #####: 6697:      remove_flag = true;
        -: 6698:#endif  // GTEST_USE_OWN_FLAGFILE_FLAG_ && GTEST_HAS_FILE_SYSTEM
    #####: 6699:    } else if (arg_string == "--help" || HasGoogleTestFlagPrefix(arg)) {
        -: 6700:      // Both help flag and unrecognized Google Test flags (excluding
        -: 6701:      // internal ones) trigger help display.
    #####: 6702:      g_help_flag = true;
        -: 6703:    }
        -: 6704:
        1: 6705:    if (remove_flag) {
        -: 6706:      // Shift the remainder of the argv list left by one.
       1*: 6707:      for (int j = i + 1; j < *argc; ++j) {
    #####: 6708:        argv[j - 1] = argv[j];
        -: 6709:      }
        -: 6710:
        -: 6711:      // Decrements the argument count.
        1: 6712:      (*argc)--;
        -: 6713:
        -: 6714:      // Terminate the array with nullptr.
        1: 6715:      argv[*argc] = nullptr;
        -: 6716:
        -: 6717:      // We also need to decrement the iterator as we just removed
        -: 6718:      // an element.
        1: 6719:      i--;
        -: 6720:    }
        -: 6721:  }
        -: 6722:
        1: 6723:  if (g_help_flag) {
        -: 6724:    // We print the help here instead of in RUN_ALL_TESTS(), as the
        -: 6725:    // latter may not be called at all if the user is using Google
        -: 6726:    // Test with another testing framework.
    #####: 6727:    PrintColorEncoded(kColorEncodedHelpMessage);
        -: 6728:  }
        1: 6729:}
------------------
        -: 6730:
        -: 6731:// Parses the command line for Google Test flags, without initializing
        -: 6732:// other parts of Google Test. This function updates argc and argv by removing
        -: 6733:// flags that are known to GoogleTest (including other user flags defined using
        -: 6734:// ABSL_FLAG if GoogleTest is built with GTEST_USE_ABSL). Other arguments
        -: 6735:// remain in place. Unrecognized flags are not reported and do not cause the
        -: 6736:// program to exit.
        1: 6737:void ParseGoogleTestFlagsOnly(int* argc, char** argv) {
        -: 6738:#ifdef GTEST_HAS_ABSL_FLAGS
        -: 6739:  if (*argc <= 0) return;
        -: 6740:
        -: 6741:  std::vector<char*> positional_args;
        -: 6742:  std::vector<absl::UnrecognizedFlag> unrecognized_flags;
        -: 6743:  absl::ParseAbseilFlagsOnly(*argc, argv, positional_args, unrecognized_flags);
        -: 6744:  absl::flat_hash_set<absl::string_view> unrecognized;
        -: 6745:  for (const auto& flag : unrecognized_flags) {
        -: 6746:    unrecognized.insert(flag.flag_name);
        -: 6747:  }
        -: 6748:  absl::flat_hash_set<char*> positional;
        -: 6749:  for (const auto& arg : positional_args) {
        -: 6750:    positional.insert(arg);
        -: 6751:  }
        -: 6752:
        -: 6753:  int out_pos = 1;
        -: 6754:  int in_pos = 1;
        -: 6755:  for (; in_pos < *argc; ++in_pos) {
        -: 6756:    char* arg = argv[in_pos];
        -: 6757:    absl::string_view arg_str(arg);
        -: 6758:    if (absl::ConsumePrefix(&arg_str, "--")) {
        -: 6759:      // Flag-like argument. If the flag was unrecognized, keep it.
        -: 6760:      // If it was a GoogleTest flag, remove it.
        -: 6761:      if (unrecognized.contains(arg_str)) {
        -: 6762:        argv[out_pos++] = argv[in_pos];
        -: 6763:        continue;
        -: 6764:      }
        -: 6765:    }
        -: 6766:
        -: 6767:    if (arg_str.empty()) {
        -: 6768:      ++in_pos;
        -: 6769:      break;  // '--' indicates that the rest of the arguments are positional
        -: 6770:    }
        -: 6771:
        -: 6772:    // Probably a positional argument. If it is in fact positional, keep it.
        -: 6773:    // If it was a value for the flag argument, remove it.
        -: 6774:    if (positional.contains(arg)) {
        -: 6775:      argv[out_pos++] = arg;
        -: 6776:    }
        -: 6777:  }
        -: 6778:
        -: 6779:  // The rest are positional args for sure.
        -: 6780:  while (in_pos < *argc) {
        -: 6781:    argv[out_pos++] = argv[in_pos++];
        -: 6782:  }
        -: 6783:
        -: 6784:  *argc = out_pos;
        -: 6785:  argv[out_pos] = nullptr;
        -: 6786:#else
        1: 6787:  ParseGoogleTestFlagsOnlyImpl(argc, argv);
        -: 6788:#endif
        -: 6789:
        -: 6790:  // Fix the value of *_NSGetArgc() on macOS, but if and only if
        -: 6791:  // *_NSGetArgv() == argv
        -: 6792:  // Only applicable to char** version of argv
        -: 6793:#ifdef GTEST_OS_MAC
        -: 6794:#ifndef GTEST_OS_IOS
        -: 6795:  if (*_NSGetArgv() == argv) {
        -: 6796:    *_NSGetArgc() = *argc;
        -: 6797:  }
        -: 6798:#endif
        -: 6799:#endif
        1: 6800:}
    #####: 6801:void ParseGoogleTestFlagsOnly(int* argc, wchar_t** argv) {
    #####: 6802:  ParseGoogleTestFlagsOnlyImpl(argc, argv);
    #####: 6803:}
        -: 6804:
        -: 6805:// The internal implementation of InitGoogleTest().
        -: 6806://
        -: 6807:// The type parameter CharType can be instantiated to either char or
        -: 6808:// wchar_t.
        -: 6809:template <typename CharType>
       1*: 6810:void InitGoogleTestImpl(int* argc, CharType** argv) {
        -: 6811:  // We don't want to run the initialization code twice.
       1*: 6812:  if (GTestIsInitialized()) return;
        -: 6813:
       1*: 6814:  if (*argc <= 0) return;
        -: 6815:
       1*: 6816:  g_argvs.clear();
       3*: 6817:  for (int i = 0; i != *argc; i++) {
       2*: 6818:    g_argvs.push_back(StreamableToString(argv[i]));
        -: 6819:  }
        -: 6820:
        -: 6821:#ifdef GTEST_HAS_ABSL
        -: 6822:  absl::InitializeSymbolizer(g_argvs[0].c_str());
        -: 6823:
        -: 6824:#ifdef GTEST_HAS_ABSL_FLAGS
        -: 6825:  // When using the Abseil Flags library, set the program usage message to the
        -: 6826:  // help message, but remove the color-encoding from the message first.
        -: 6827:  absl::SetProgramUsageMessage(absl::StrReplaceAll(
        -: 6828:      kColorEncodedHelpMessage,
        -: 6829:      {{"@D", ""}, {"@R", ""}, {"@G", ""}, {"@Y", ""}, {"@@", "@"}}));
        -: 6830:#endif  // GTEST_HAS_ABSL_FLAGS
        -: 6831:#endif  // GTEST_HAS_ABSL
        -: 6832:
       1*: 6833:  ParseGoogleTestFlagsOnly(argc, argv);
       1*: 6834:  GetUnitTestImpl()->PostFlagParsingInit();
        -: 6835:}
------------------
_ZN7testing8internal18InitGoogleTestImplIwEEvPiPPT_:
    #####: 6810:void InitGoogleTestImpl(int* argc, CharType** argv) {
        -: 6811:  // We don't want to run the initialization code twice.
    #####: 6812:  if (GTestIsInitialized()) return;
        -: 6813:
    #####: 6814:  if (*argc <= 0) return;
        -: 6815:
    #####: 6816:  g_argvs.clear();
    #####: 6817:  for (int i = 0; i != *argc; i++) {
    #####: 6818:    g_argvs.push_back(StreamableToString(argv[i]));
        -: 6819:  }
        -: 6820:
        -: 6821:#ifdef GTEST_HAS_ABSL
        -: 6822:  absl::InitializeSymbolizer(g_argvs[0].c_str());
        -: 6823:
        -: 6824:#ifdef GTEST_HAS_ABSL_FLAGS
        -: 6825:  // When using the Abseil Flags library, set the program usage message to the
        -: 6826:  // help message, but remove the color-encoding from the message first.
        -: 6827:  absl::SetProgramUsageMessage(absl::StrReplaceAll(
        -: 6828:      kColorEncodedHelpMessage,
        -: 6829:      {{"@D", ""}, {"@R", ""}, {"@G", ""}, {"@Y", ""}, {"@@", "@"}}));
        -: 6830:#endif  // GTEST_HAS_ABSL_FLAGS
        -: 6831:#endif  // GTEST_HAS_ABSL
        -: 6832:
    #####: 6833:  ParseGoogleTestFlagsOnly(argc, argv);
    #####: 6834:  GetUnitTestImpl()->PostFlagParsingInit();
        -: 6835:}
------------------
_ZN7testing8internal18InitGoogleTestImplIcEEvPiPPT_:
        1: 6810:void InitGoogleTestImpl(int* argc, CharType** argv) {
        -: 6811:  // We don't want to run the initialization code twice.
       1*: 6812:  if (GTestIsInitialized()) return;
        -: 6813:
       1*: 6814:  if (*argc <= 0) return;
        -: 6815:
        1: 6816:  g_argvs.clear();
        3: 6817:  for (int i = 0; i != *argc; i++) {
        2: 6818:    g_argvs.push_back(StreamableToString(argv[i]));
        -: 6819:  }
        -: 6820:
        -: 6821:#ifdef GTEST_HAS_ABSL
        -: 6822:  absl::InitializeSymbolizer(g_argvs[0].c_str());
        -: 6823:
        -: 6824:#ifdef GTEST_HAS_ABSL_FLAGS
        -: 6825:  // When using the Abseil Flags library, set the program usage message to the
        -: 6826:  // help message, but remove the color-encoding from the message first.
        -: 6827:  absl::SetProgramUsageMessage(absl::StrReplaceAll(
        -: 6828:      kColorEncodedHelpMessage,
        -: 6829:      {{"@D", ""}, {"@R", ""}, {"@G", ""}, {"@Y", ""}, {"@@", "@"}}));
        -: 6830:#endif  // GTEST_HAS_ABSL_FLAGS
        -: 6831:#endif  // GTEST_HAS_ABSL
        -: 6832:
        1: 6833:  ParseGoogleTestFlagsOnly(argc, argv);
        1: 6834:  GetUnitTestImpl()->PostFlagParsingInit();
        -: 6835:}
------------------
        -: 6836:
        -: 6837:}  // namespace internal
        -: 6838:
        -: 6839:// Initializes Google Test.  This must be called before calling
        -: 6840:// RUN_ALL_TESTS().  In particular, it parses a command line for the
        -: 6841:// flags that Google Test recognizes.  Whenever a Google Test flag is
        -: 6842:// seen, it is removed from argv, and *argc is decremented.
        -: 6843://
        -: 6844:// No value is returned.  Instead, the Google Test flag variables are
        -: 6845:// updated.
        -: 6846://
        -: 6847:// Calling the function for the second time has no user-visible effect.
        1: 6848:void InitGoogleTest(int* argc, char** argv) {
        -: 6849:#if defined(GTEST_CUSTOM_INIT_GOOGLE_TEST_FUNCTION_)
        -: 6850:  GTEST_CUSTOM_INIT_GOOGLE_TEST_FUNCTION_(argc, argv);
        -: 6851:#else   // defined(GTEST_CUSTOM_INIT_GOOGLE_TEST_FUNCTION_)
        1: 6852:  internal::InitGoogleTestImpl(argc, argv);
        -: 6853:#endif  // defined(GTEST_CUSTOM_INIT_GOOGLE_TEST_FUNCTION_)
        1: 6854:}
        -: 6855:
        -: 6856:// This overloaded version can be used in Windows programs compiled in
        -: 6857:// UNICODE mode.
    #####: 6858:void InitGoogleTest(int* argc, wchar_t** argv) {
        -: 6859:#if defined(GTEST_CUSTOM_INIT_GOOGLE_TEST_FUNCTION_)
        -: 6860:  GTEST_CUSTOM_INIT_GOOGLE_TEST_FUNCTION_(argc, argv);
        -: 6861:#else   // defined(GTEST_CUSTOM_INIT_GOOGLE_TEST_FUNCTION_)
    #####: 6862:  internal::InitGoogleTestImpl(argc, argv);
        -: 6863:#endif  // defined(GTEST_CUSTOM_INIT_GOOGLE_TEST_FUNCTION_)
    #####: 6864:}
        -: 6865:
        -: 6866:// This overloaded version can be used on Arduino/embedded platforms where
        -: 6867:// there is no argc/argv.
    #####: 6868:void InitGoogleTest() {
        -: 6869:  // Since Arduino doesn't have a command line, fake out the argc/argv arguments
    #####: 6870:  int argc = 1;
    #####: 6871:  const auto arg0 = "dummy";
    #####: 6872:  char* argv0 = const_cast<char*>(arg0);
    #####: 6873:  char** argv = &argv0;
        -: 6874:
        -: 6875:#if defined(GTEST_CUSTOM_INIT_GOOGLE_TEST_FUNCTION_)
        -: 6876:  GTEST_CUSTOM_INIT_GOOGLE_TEST_FUNCTION_(&argc, argv);
        -: 6877:#else   // defined(GTEST_CUSTOM_INIT_GOOGLE_TEST_FUNCTION_)
    #####: 6878:  internal::InitGoogleTestImpl(&argc, argv);
        -: 6879:#endif  // defined(GTEST_CUSTOM_INIT_GOOGLE_TEST_FUNCTION_)
    #####: 6880:}
        -: 6881:
        -: 6882:#if !defined(GTEST_CUSTOM_TEMPDIR_FUNCTION_) || \
        -: 6883:    !defined(GTEST_CUSTOM_SRCDIR_FUNCTION_)
        -: 6884:// Returns the value of the first environment variable that is set and contains
        -: 6885:// a non-empty string. If there are none, returns the "fallback" string. Adds
        -: 6886:// the director-separator character as a suffix if not provided in the
        -: 6887:// environment variable value.
    #####: 6888:static std::string GetDirFromEnv(
        -: 6889:    std::initializer_list<const char*> environment_variables,
        -: 6890:    const char* fallback, char separator) {
    #####: 6891:  for (const char* variable_name : environment_variables) {
    #####: 6892:    const char* value = internal::posix::GetEnv(variable_name);
    #####: 6893:    if (value != nullptr && value[0] != '\0') {
    #####: 6894:      if (value[strlen(value) - 1] != separator) {
    #####: 6895:        return std::string(value).append(1, separator);
        -: 6896:      }
    #####: 6897:      return value;
        -: 6898:    }
        -: 6899:  }
    #####: 6900:  return fallback;
        -: 6901:}
        -: 6902:#endif
        -: 6903:
    #####: 6904:std::string TempDir() {
        -: 6905:#if defined(GTEST_CUSTOM_TEMPDIR_FUNCTION_)
        -: 6906:  return GTEST_CUSTOM_TEMPDIR_FUNCTION_();
        -: 6907:#elif defined(GTEST_OS_WINDOWS) || defined(GTEST_OS_WINDOWS_MOBILE)
    #####: 6908:  return GetDirFromEnv({"TEST_TMPDIR", "TEMP"}, "\\temp\\", '\\');
        -: 6909:#elif defined(GTEST_OS_LINUX_ANDROID)
        -: 6910:  return GetDirFromEnv({"TEST_TMPDIR", "TMPDIR"}, "/data/local/tmp/", '/');
        -: 6911:#else
        -: 6912:  return GetDirFromEnv({"TEST_TMPDIR", "TMPDIR"}, "/tmp/", '/');
        -: 6913:#endif
        -: 6914:}
        -: 6915:
        -: 6916:#if GTEST_HAS_FILE_SYSTEM && !defined(GTEST_CUSTOM_SRCDIR_FUNCTION_)
        -: 6917:// Returns the directory path (including terminating separator) of the current
        -: 6918:// executable as derived from argv[0].
    #####: 6919:static std::string GetCurrentExecutableDirectory() {
    #####: 6920:  internal::FilePath argv_0(internal::GetArgvs()[0]);
    #####: 6921:  return argv_0.RemoveFileName().string();
    #####: 6922:}
        -: 6923:#endif
        -: 6924:
        -: 6925:#if GTEST_HAS_FILE_SYSTEM
    #####: 6926:std::string SrcDir() {
        -: 6927:#if defined(GTEST_CUSTOM_SRCDIR_FUNCTION_)
        -: 6928:  return GTEST_CUSTOM_SRCDIR_FUNCTION_();
        -: 6929:#elif defined(GTEST_OS_WINDOWS) || defined(GTEST_OS_WINDOWS_MOBILE)
    #####: 6930:  return GetDirFromEnv({"TEST_SRCDIR"}, GetCurrentExecutableDirectory().c_str(),
    #####: 6931:                       '\\');
        -: 6932:#elif defined(GTEST_OS_LINUX_ANDROID)
        -: 6933:  return GetDirFromEnv({"TEST_SRCDIR"}, GetCurrentExecutableDirectory().c_str(),
        -: 6934:                       '/');
        -: 6935:#else
        -: 6936:  return GetDirFromEnv({"TEST_SRCDIR"}, GetCurrentExecutableDirectory().c_str(),
        -: 6937:                       '/');
        -: 6938:#endif
        -: 6939:}
        -: 6940:#endif
        -: 6941:
        -: 6942:// Class ScopedTrace
        -: 6943:
        -: 6944:// Pushes the given source file location and message onto a per-thread
        -: 6945:// trace stack maintained by Google Test.
    #####: 6946:void ScopedTrace::PushTrace(const char* file, int line, std::string message) {
    #####: 6947:  internal::TraceInfo trace;
    #####: 6948:  trace.file = file;
    #####: 6949:  trace.line = line;
    #####: 6950:  trace.message.swap(message);
        -: 6951:
    #####: 6952:  UnitTest::GetInstance()->PushGTestTrace(trace);
    #####: 6953:}
        -: 6954:
        -: 6955:// Pops the info pushed by the c'tor.
    #####: 6956:ScopedTrace::~ScopedTrace() GTEST_LOCK_EXCLUDED_(&UnitTest::mutex_) {
    #####: 6957:  UnitTest::GetInstance()->PopGTestTrace();
    #####: 6958:}
        -: 6959:
        -: 6960:}  // namespace testing
