        -:    0:Source:D:/BSUIR/course2/PPOIS/lab3/salary_lib/Manager.cpp
        -:    0:Graph:D:\BSUIR\course2\PPOIS\lab3\cmake-build-debug-coverage\salary_lib\CMakeFiles\salary_lib.dir\Manager.cpp.gcno
        -:    0:Data:D:\BSUIR\course2\PPOIS\lab3\cmake-build-debug-coverage\salary_lib\CMakeFiles\salary_lib.dir\Manager.cpp.gcda
        -:    0:Runs:1
        -:    1:#include "Manager.h"
        -:    2:
        5:    3:Manager::Manager(int id, const std::string& first, const std::string& last, const std::string& pos, double rate, double bonus, const ContactInfo& contactInfo, const Address& address)
        5:    4:    : Employee(id, first, last, pos, rate, contactInfo, address), bonus(bonus) {}
        -:    5:
        6:    6:double Manager::calculateSalary() {
        6:    7:    salary = hourlyRate * hoursWorked + bonus;
        6:    8:    return salary;
        -:    9:}
