        -:    0:Source:D:/BSUIR/course2/PPOIS/lab3/salary_lib/ProjectManager.cpp
        -:    0:Graph:D:\BSUIR\course2\PPOIS\lab3\cmake-build-debug-coverage\salary_lib\CMakeFiles\salary_lib.dir\ProjectManager.cpp.gcno
        -:    0:Data:D:\BSUIR\course2\PPOIS\lab3\cmake-build-debug-coverage\salary_lib\CMakeFiles\salary_lib.dir\ProjectManager.cpp.gcda
        -:    0:Runs:1
        -:    1:#include "ProjectManager.h"
        -:    2:
        2:    3:ProjectManager::ProjectManager(int id, const std::string& first, const std::string& last, const std::string& pos, double rate, double bonus, const ContactInfo& contactInfo, const Address& address)
        2:    4:    : Manager(id, first, last, pos, rate, bonus, contactInfo, address) {}
        -:    5:
        1:    6:void ProjectManager::manageProject(Project& project) {
        1:    7:    project.showProjectDetails();
        1:    8:}
