        -:    0:Source:D:/BSUIR/course2/PPOIS/lab3/Google_tests/Report_TEST.cpp
        -:    0:Graph:D:\BSUIR\course2\PPOIS\lab3\cmake-build-debug-coverage\Google_tests\CMakeFiles\Google_Tests_run.dir\Report_TEST.cpp.gcno
        -:    0:Data:D:\BSUIR\course2\PPOIS\lab3\cmake-build-debug-coverage\Google_tests\CMakeFiles\Google_Tests_run.dir\Report_TEST.cpp.gcda
        -:    0:Runs:1
        -:    1:#include <gtest/gtest.h>
        -:    2:#include "Report.h"
        -:    3:
        4:    4:TEST(ReportTest, ConstructorTest) {
        3:    5:    Report report("Monthly", "Initial Content");
        -:    6:
       1*:    7:    EXPECT_EQ(report.getType(), "Monthly");
       1*:    8:    EXPECT_EQ(report.getContent(), "Initial Content");
        1:    9:}
------------------
_ZN31ReportTest_ConstructorTest_TestC1Ev:
        1:    4:TEST(ReportTest, ConstructorTest) {
------------------
_ZN31ReportTest_ConstructorTest_TestD0Ev:
        1:    4:TEST(ReportTest, ConstructorTest) {
------------------
_ZN31ReportTest_ConstructorTest_TestD1Ev:
        1:    4:TEST(ReportTest, ConstructorTest) {
------------------
_ZN31ReportTest_ConstructorTest_Test8TestBodyEv:
        1:    4:TEST(ReportTest, ConstructorTest) {
        3:    5:    Report report("Monthly", "Initial Content");
        -:    6:
       1*:    7:    EXPECT_EQ(report.getType(), "Monthly");
       1*:    8:    EXPECT_EQ(report.getContent(), "Initial Content");
        1:    9:}
------------------
        -:   10:
        4:   11:TEST(ReportTest, UpdateReportTest) {
        4:   12:    Report report("Monthly", "Initial Content");
        3:   13:    report.updateReport("Weekly", "Updated Content");
        -:   14:
       1*:   15:    EXPECT_EQ(report.getType(), "Weekly");
       1*:   16:    EXPECT_EQ(report.getContent(), "Updated Content");
        1:   17:}
------------------
_ZN32ReportTest_UpdateReportTest_TestC1Ev:
        1:   11:TEST(ReportTest, UpdateReportTest) {
------------------
_ZN32ReportTest_UpdateReportTest_TestD0Ev:
        1:   11:TEST(ReportTest, UpdateReportTest) {
------------------
_ZN32ReportTest_UpdateReportTest_TestD1Ev:
        1:   11:TEST(ReportTest, UpdateReportTest) {
------------------
_ZN32ReportTest_UpdateReportTest_Test8TestBodyEv:
        1:   11:TEST(ReportTest, UpdateReportTest) {
        4:   12:    Report report("Monthly", "Initial Content");
        3:   13:    report.updateReport("Weekly", "Updated Content");
        -:   14:
       1*:   15:    EXPECT_EQ(report.getType(), "Weekly");
       1*:   16:    EXPECT_EQ(report.getContent(), "Updated Content");
        1:   17:}
------------------
        -:   18:
