        -:    0:Source:D:/BSUIR/course2/PPOIS/lab3/salary_lib/Report.cpp
        -:    0:Graph:D:\BSUIR\course2\PPOIS\lab3\cmake-build-debug-coverage\salary_lib\CMakeFiles\salary_lib.dir\Report.cpp.gcno
        -:    0:Data:D:\BSUIR\course2\PPOIS\lab3\cmake-build-debug-coverage\salary_lib\CMakeFiles\salary_lib.dir\Report.cpp.gcda
        -:    0:Runs:1
        -:    1:#include "Report.h"
        -:    2:
        2:    3:Report::Report(const std::string& type, const std::string& content)
        2:    4:    : type(type), content(content) {}
        -:    5:
        1:    6:void Report::updateReport(const std::string& type, const std::string& content) {
        1:    7:    this->type = type;
        1:    8:    this->content = content;
        1:    9:}
        -:   10:
        2:   11:std::string Report::getType() const {
        2:   12:    return type;
        -:   13:}
        -:   14:
        2:   15:std::string Report::getContent() const {
        2:   16:    return content;
        -:   17:}
