        -:    0:Source:D:/BSUIR/course2/PPOIS/lab3/Google_tests/Role_TEST.cpp
        -:    0:Graph:D:\BSUIR\course2\PPOIS\lab3\cmake-build-debug-coverage\Google_tests\CMakeFiles\Google_Tests_run.dir\Role_TEST.cpp.gcno
        -:    0:Data:D:\BSUIR\course2\PPOIS\lab3\cmake-build-debug-coverage\Google_tests\CMakeFiles\Google_Tests_run.dir\Role_TEST.cpp.gcda
        -:    0:Runs:1
        -:    1:#include <gtest/gtest.h>
        -:    2:#include "Role.h"
        -:    3:
        4:    4:TEST(RoleTest, ConstructorTest) {
        3:    5:    Role role("Admin", "Full Access");
        -:    6:
       1*:    7:    EXPECT_EQ(role.getName(), "Admin");
       1*:    8:    EXPECT_EQ(role.getPermissions(), "Full Access");
        1:    9:}
------------------
_ZN29RoleTest_ConstructorTest_TestC1Ev:
        1:    4:TEST(RoleTest, ConstructorTest) {
------------------
_ZN29RoleTest_ConstructorTest_TestD0Ev:
        1:    4:TEST(RoleTest, ConstructorTest) {
------------------
_ZN29RoleTest_ConstructorTest_TestD1Ev:
        1:    4:TEST(RoleTest, ConstructorTest) {
------------------
_ZN29RoleTest_ConstructorTest_Test8TestBodyEv:
        1:    4:TEST(RoleTest, ConstructorTest) {
        3:    5:    Role role("Admin", "Full Access");
        -:    6:
       1*:    7:    EXPECT_EQ(role.getName(), "Admin");
       1*:    8:    EXPECT_EQ(role.getPermissions(), "Full Access");
        1:    9:}
------------------
        -:   10:
        4:   11:TEST(RoleTest, UpdateRoleTest) {
        4:   12:    Role role("Admin", "Full Access");
        3:   13:    role.updateRole("User", "Limited Access");
        -:   14:
       1*:   15:    EXPECT_EQ(role.getName(), "User");
       1*:   16:    EXPECT_EQ(role.getPermissions(), "Limited Access");
        1:   17:}
------------------
_ZN28RoleTest_UpdateRoleTest_TestC1Ev:
        1:   11:TEST(RoleTest, UpdateRoleTest) {
------------------
_ZN28RoleTest_UpdateRoleTest_TestD0Ev:
        1:   11:TEST(RoleTest, UpdateRoleTest) {
------------------
_ZN28RoleTest_UpdateRoleTest_TestD1Ev:
        1:   11:TEST(RoleTest, UpdateRoleTest) {
------------------
_ZN28RoleTest_UpdateRoleTest_Test8TestBodyEv:
        1:   11:TEST(RoleTest, UpdateRoleTest) {
        4:   12:    Role role("Admin", "Full Access");
        3:   13:    role.updateRole("User", "Limited Access");
        -:   14:
       1*:   15:    EXPECT_EQ(role.getName(), "User");
       1*:   16:    EXPECT_EQ(role.getPermissions(), "Limited Access");
        1:   17:}
------------------
        -:   18:
