        -:    0:Source:D:/BSUIR/course2/PPOIS/lab3/salary_lib/Task.cpp
        -:    0:Graph:D:\BSUIR\course2\PPOIS\lab3\cmake-build-debug-coverage\salary_lib\CMakeFiles\salary_lib.dir\Task.cpp.gcno
        -:    0:Data:D:\BSUIR\course2\PPOIS\lab3\cmake-build-debug-coverage\salary_lib\CMakeFiles\salary_lib.dir\Task.cpp.gcda
        -:    0:Runs:1
        -:    1:#include "Task.h"
        -:    2:
       10:    3:Task::Task(const std::string& description, const std::string& deadline)
       10:    4:    : description(description), deadline(deadline), completed(false) {}
        -:    5:
        1:    6:void Task::setDescription(const std::string& description) {
        1:    7:    this->description = description;
        1:    8:}
        -:    9:
        1:   10:void Task::setDeadline(const std::string& deadline) {
        1:   11:    this->deadline = deadline;
        1:   12:}
        -:   13:
        1:   14:void Task::setCompleted(bool completed) {
        1:   15:    this->completed = completed;
        1:   16:}
        -:   17:
        9:   18:std::string Task::getDescription() const {
        9:   19:    return description;
        -:   20:}
        -:   21:
        6:   22:std::string Task::getDeadline() const {
        6:   23:    return deadline;
        -:   24:}
        -:   25:
        6:   26:bool Task::isCompleted() const {
        6:   27:    return completed;
        -:   28:}
